{"C:\\67160411\\student-api\\app.js": {"path":"C:\\67160411\\student-api\\app.js","statementMap":{"0":{"start":{"line":1,"column":0},"end":{"line":1,"column":27}},"1":{"start":{"line":4,"column":16},"end":{"line":4,"column":34}},"2":{"start":{"line":6,"column":15},"end":{"line":6,"column":32}},"3":{"start":{"line":8,"column":13},"end":{"line":8,"column":28}},"4":{"start":{"line":10,"column":15},"end":{"line":10,"column":32}},"5":{"start":{"line":13,"column":24},"end":{"line":13,"column":50}},"6":{"start":{"line":14,"column":15},"end":{"line":14,"column":34}},"7":{"start":{"line":15,"column":13},"end":{"line":15,"column":35}},"8":{"start":{"line":17,"column":13},"end":{"line":17,"column":28}},"9":{"start":{"line":24,"column":4},"end":{"line":24,"column":29}},"10":{"start":{"line":27,"column":45},"end":{"line":27,"column":74}},"11":{"start":{"line":29,"column":24},"end":{"line":29,"column":42}},"12":{"start":{"line":31,"column":39},"end":{"line":31,"column":76}},"13":{"start":{"line":33,"column":12},"end":{"line":33,"column":21}},"14":{"start":{"line":35,"column":17},"end":{"line":35,"column":33}},"15":{"start":{"line":36,"column":17},"end":{"line":36,"column":33}},"16":{"start":{"line":40,"column":0},"end":{"line":40,"column":18}},"17":{"start":{"line":42,"column":0},"end":{"line":47,"column":2}},"18":{"start":{"line":48,"column":0},"end":{"line":48,"column":23}},"19":{"start":{"line":49,"column":0},"end":{"line":49,"column":41}},"20":{"start":{"line":52,"column":0},"end":{"line":59,"column":2}},"21":{"start":{"line":67,"column":0},"end":{"line":110,"column":2}},"22":{"start":{"line":72,"column":22},"end":{"line":72,"column":31}},"23":{"start":{"line":73,"column":36},"end":{"line":73,"column":50}},"24":{"start":{"line":74,"column":29},"end":{"line":74,"column":37}},"25":{"start":{"line":76,"column":20},"end":{"line":76,"column":44}},"26":{"start":{"line":77,"column":21},"end":{"line":77,"column":61}},"27":{"start":{"line":79,"column":19},"end":{"line":79,"column":21}},"28":{"start":{"line":82,"column":4},"end":{"line":86,"column":5}},"29":{"start":{"line":83,"column":6},"end":{"line":83,"column":38}},"30":{"start":{"line":84,"column":6},"end":{"line":84,"column":39}},"31":{"start":{"line":85,"column":6},"end":{"line":85,"column":25}},"32":{"start":{"line":88,"column":4},"end":{"line":88,"column":64}},"33":{"start":{"line":92,"column":4},"end":{"line":108,"column":5}},"34":{"start":{"line":93,"column":21},"end":{"line":93,"column":76}},"35":{"start":{"line":94,"column":28},"end":{"line":94,"column":64}},"36":{"start":{"line":96,"column":6},"end":{"line":105,"column":9}},"37":{"start":{"line":107,"column":6},"end":{"line":107,"column":16}},"38":{"start":{"line":117,"column":0},"end":{"line":128,"column":3}},"39":{"start":{"line":118,"column":2},"end":{"line":127,"column":3}},"40":{"start":{"line":119,"column":19},"end":{"line":119,"column":61}},"41":{"start":{"line":121,"column":4},"end":{"line":124,"column":7}},"42":{"start":{"line":126,"column":4},"end":{"line":126,"column":14}},"43":{"start":{"line":135,"column":0},"end":{"line":190,"column":3}},"44":{"start":{"line":137,"column":30},"end":{"line":137,"column":38}},"45":{"start":{"line":141,"column":2},"end":{"line":148,"column":3}},"46":{"start":{"line":142,"column":4},"end":{"line":147,"column":7}},"47":{"start":{"line":150,"column":2},"end":{"line":189,"column":3}},"48":{"start":{"line":152,"column":19},"end":{"line":154,"column":6}},"49":{"start":{"line":157,"column":4},"end":{"line":164,"column":5}},"50":{"start":{"line":158,"column":6},"end":{"line":163,"column":9}},"51":{"start":{"line":168,"column":17},"end":{"line":168,"column":24}},"52":{"start":{"line":169,"column":28},"end":{"line":169,"column":78}},"53":{"start":{"line":172,"column":4},"end":{"line":179,"column":5}},"54":{"start":{"line":173,"column":6},"end":{"line":178,"column":9}},"55":{"start":{"line":182,"column":18},"end":{"line":182,"column":37}},"56":{"start":{"line":183,"column":4},"end":{"line":186,"column":7}},"57":{"start":{"line":188,"column":4},"end":{"line":188,"column":14}},"58":{"start":{"line":197,"column":0},"end":{"line":246,"column":3}},"59":{"start":{"line":198,"column":33},"end":{"line":198,"column":41}},"60":{"start":{"line":202,"column":2},"end":{"line":209,"column":3}},"61":{"start":{"line":203,"column":4},"end":{"line":208,"column":7}},"62":{"start":{"line":211,"column":2},"end":{"line":245,"column":3}},"63":{"start":{"line":212,"column":21},"end":{"line":217,"column":5}},"64":{"start":{"line":220,"column":4},"end":{"line":220,"column":42}},"65":{"start":{"line":223,"column":4},"end":{"line":231,"column":7}},"66":{"start":{"line":234,"column":4},"end":{"line":242,"column":5}},"67":{"start":{"line":236,"column":6},"end":{"line":241,"column":9}},"68":{"start":{"line":244,"column":4},"end":{"line":244,"column":14}},"69":{"start":{"line":253,"column":0},"end":{"line":312,"column":3}},"70":{"start":{"line":254,"column":13},"end":{"line":254,"column":34}},"71":{"start":{"line":255,"column":26},"end":{"line":255,"column":34}},"72":{"start":{"line":257,"column":2},"end":{"line":311,"column":3}},"73":{"start":{"line":259,"column":23},"end":{"line":261,"column":6}},"74":{"start":{"line":263,"column":20},"end":{"line":263,"column":31}},"75":{"start":{"line":266,"column":4},"end":{"line":270,"column":5}},"76":{"start":{"line":267,"column":6},"end":{"line":269,"column":9}},"77":{"start":{"line":273,"column":4},"end":{"line":280,"column":5}},"78":{"start":{"line":274,"column":6},"end":{"line":279,"column":9}},"79":{"start":{"line":283,"column":21},"end":{"line":288,"column":5}},"80":{"start":{"line":291,"column":4},"end":{"line":298,"column":5}},"81":{"start":{"line":292,"column":6},"end":{"line":297,"column":9}},"82":{"start":{"line":301,"column":19},"end":{"line":303,"column":6}},"83":{"start":{"line":305,"column":4},"end":{"line":308,"column":7}},"84":{"start":{"line":310,"column":4},"end":{"line":310,"column":14}},"85":{"start":{"line":319,"column":0},"end":{"line":370,"column":3}},"86":{"start":{"line":321,"column":13},"end":{"line":321,"column":34}},"87":{"start":{"line":322,"column":33},"end":{"line":322,"column":41}},"88":{"start":{"line":325,"column":2},"end":{"line":369,"column":3}},"89":{"start":{"line":326,"column":27},"end":{"line":329,"column":5}},"90":{"start":{"line":333,"column":4},"end":{"line":340,"column":5}},"91":{"start":{"line":334,"column":6},"end":{"line":339,"column":9}},"92":{"start":{"line":343,"column":20},"end":{"line":343,"column":35}},"93":{"start":{"line":344,"column":4},"end":{"line":346,"column":5}},"94":{"start":{"line":345,"column":6},"end":{"line":345,"column":26}},"95":{"start":{"line":347,"column":4},"end":{"line":349,"column":5}},"96":{"start":{"line":348,"column":6},"end":{"line":348,"column":28}},"97":{"start":{"line":350,"column":4},"end":{"line":352,"column":5}},"98":{"start":{"line":351,"column":6},"end":{"line":351,"column":28}},"99":{"start":{"line":355,"column":4},"end":{"line":360,"column":6}},"100":{"start":{"line":363,"column":4},"end":{"line":366,"column":7}},"101":{"start":{"line":368,"column":4},"end":{"line":368,"column":14}},"102":{"start":{"line":377,"column":0},"end":{"line":407,"column":2}},"103":{"start":{"line":383,"column":4},"end":{"line":405,"column":5}},"104":{"start":{"line":384,"column":23},"end":{"line":386,"column":8}},"105":{"start":{"line":390,"column":6},"end":{"line":397,"column":7}},"106":{"start":{"line":391,"column":8},"end":{"line":396,"column":11}},"107":{"start":{"line":400,"column":6},"end":{"line":402,"column":9}},"108":{"start":{"line":404,"column":6},"end":{"line":404,"column":16}},"109":{"start":{"line":414,"column":0},"end":{"line":419,"column":3}},"110":{"start":{"line":415,"column":2},"end":{"line":418,"column":5}},"111":{"start":{"line":426,"column":0},"end":{"line":471,"column":3}},"112":{"start":{"line":427,"column":13},"end":{"line":427,"column":34}},"113":{"start":{"line":430,"column":2},"end":{"line":470,"column":3}},"114":{"start":{"line":431,"column":26},"end":{"line":434,"column":5}},"115":{"start":{"line":438,"column":4},"end":{"line":442,"column":5}},"116":{"start":{"line":439,"column":6},"end":{"line":441,"column":9}},"117":{"start":{"line":445,"column":20},"end":{"line":445,"column":34}},"118":{"start":{"line":451,"column":22},"end":{"line":458,"column":5}},"119":{"start":{"line":461,"column":4},"end":{"line":467,"column":7}},"120":{"start":{"line":469,"column":4},"end":{"line":469,"column":14}},"121":{"start":{"line":478,"column":0},"end":{"line":549,"column":3}},"122":{"start":{"line":480,"column":30},"end":{"line":480,"column":38}},"123":{"start":{"line":484,"column":2},"end":{"line":491,"column":3}},"124":{"start":{"line":485,"column":4},"end":{"line":490,"column":7}},"125":{"start":{"line":494,"column":2},"end":{"line":548,"column":3}},"126":{"start":{"line":495,"column":28},"end":{"line":498,"column":5}},"127":{"start":{"line":502,"column":4},"end":{"line":509,"column":5}},"128":{"start":{"line":503,"column":6},"end":{"line":508,"column":9}},"129":{"start":{"line":512,"column":25},"end":{"line":512,"column":53}},"130":{"start":{"line":519,"column":21},"end":{"line":524,"column":5}},"131":{"start":{"line":527,"column":4},"end":{"line":534,"column":7}},"132":{"start":{"line":537,"column":4},"end":{"line":545,"column":5}},"133":{"start":{"line":539,"column":6},"end":{"line":544,"column":9}},"134":{"start":{"line":547,"column":4},"end":{"line":547,"column":14}},"135":{"start":{"line":556,"column":0},"end":{"line":650,"column":3}},"136":{"start":{"line":558,"column":20},"end":{"line":558,"column":33}},"137":{"start":{"line":560,"column":23},"end":{"line":560,"column":31}},"138":{"start":{"line":565,"column":2},"end":{"line":649,"column":3}},"139":{"start":{"line":566,"column":4},"end":{"line":566,"column":44}},"140":{"start":{"line":567,"column":4},"end":{"line":567,"column":40}},"141":{"start":{"line":570,"column":25},"end":{"line":576,"column":5}},"142":{"start":{"line":580,"column":4},"end":{"line":588,"column":5}},"143":{"start":{"line":581,"column":6},"end":{"line":581,"column":34}},"144":{"start":{"line":582,"column":6},"end":{"line":587,"column":9}},"145":{"start":{"line":592,"column":4},"end":{"line":600,"column":5}},"146":{"start":{"line":593,"column":6},"end":{"line":593,"column":34}},"147":{"start":{"line":594,"column":6},"end":{"line":599,"column":9}},"148":{"start":{"line":603,"column":4},"end":{"line":608,"column":6}},"149":{"start":{"line":611,"column":4},"end":{"line":617,"column":6}},"150":{"start":{"line":620,"column":4},"end":{"line":620,"column":30}},"151":{"start":{"line":623,"column":4},"end":{"line":625,"column":7}},"152":{"start":{"line":628,"column":4},"end":{"line":631,"column":5}},"153":{"start":{"line":630,"column":6},"end":{"line":630,"column":34}},"154":{"start":{"line":635,"column":4},"end":{"line":642,"column":5}},"155":{"start":{"line":636,"column":6},"end":{"line":641,"column":9}},"156":{"start":{"line":644,"column":4},"end":{"line":644,"column":14}},"157":{"start":{"line":646,"column":4},"end":{"line":648,"column":5}},"158":{"start":{"line":647,"column":6},"end":{"line":647,"column":27}},"159":{"start":{"line":657,"column":0},"end":{"line":657,"column":29}},"160":{"start":{"line":658,"column":0},"end":{"line":658,"column":29}},"161":{"start":{"line":665,"column":0},"end":{"line":672,"column":3}},"162":{"start":{"line":666,"column":2},"end":{"line":671,"column":5}},"163":{"start":{"line":679,"column":0},"end":{"line":693,"column":3}},"164":{"start":{"line":680,"column":2},"end":{"line":680,"column":27}},"165":{"start":{"line":682,"column":21},"end":{"line":682,"column":56}},"166":{"start":{"line":683,"column":2},"end":{"line":692,"column":5}},"167":{"start":{"line":695,"column":0},"end":{"line":695,"column":21}}},"fnMap":{"0":{"name":"(anonymous_0)","decl":{"start":{"line":71,"column":2},"end":{"line":71,"column":3}},"loc":{"start":{"line":71,"column":28},"end":{"line":109,"column":3}},"line":71},"1":{"name":"(anonymous_1)","decl":{"start":{"line":117,"column":26},"end":{"line":117,"column":27}},"loc":{"start":{"line":117,"column":52},"end":{"line":128,"column":1}},"line":117},"2":{"name":"(anonymous_2)","decl":{"start":{"line":135,"column":29},"end":{"line":135,"column":30}},"loc":{"start":{"line":135,"column":55},"end":{"line":190,"column":1}},"line":135},"3":{"name":"(anonymous_3)","decl":{"start":{"line":197,"column":27},"end":{"line":197,"column":28}},"loc":{"start":{"line":197,"column":53},"end":{"line":246,"column":1}},"line":197},"4":{"name":"(anonymous_4)","decl":{"start":{"line":253,"column":30},"end":{"line":253,"column":31}},"loc":{"start":{"line":253,"column":56},"end":{"line":312,"column":1}},"line":253},"5":{"name":"(anonymous_5)","decl":{"start":{"line":319,"column":32},"end":{"line":319,"column":33}},"loc":{"start":{"line":319,"column":58},"end":{"line":370,"column":1}},"line":319},"6":{"name":"(anonymous_6)","decl":{"start":{"line":381,"column":2},"end":{"line":381,"column":3}},"loc":{"start":{"line":381,"column":28},"end":{"line":406,"column":3}},"line":381},"7":{"name":"(anonymous_7)","decl":{"start":{"line":414,"column":44},"end":{"line":414,"column":45}},"loc":{"start":{"line":414,"column":58},"end":{"line":419,"column":1}},"line":414},"8":{"name":"(anonymous_8)","decl":{"start":{"line":426,"column":35},"end":{"line":426,"column":36}},"loc":{"start":{"line":426,"column":61},"end":{"line":471,"column":1}},"line":426},"9":{"name":"(anonymous_9)","decl":{"start":{"line":478,"column":32},"end":{"line":478,"column":33}},"loc":{"start":{"line":478,"column":58},"end":{"line":549,"column":1}},"line":478},"10":{"name":"(anonymous_10)","decl":{"start":{"line":556,"column":43},"end":{"line":556,"column":44}},"loc":{"start":{"line":556,"column":69},"end":{"line":650,"column":1}},"line":556},"11":{"name":"(anonymous_11)","decl":{"start":{"line":665,"column":8},"end":{"line":665,"column":9}},"loc":{"start":{"line":665,"column":22},"end":{"line":672,"column":1}},"line":665},"12":{"name":"(anonymous_12)","decl":{"start":{"line":679,"column":8},"end":{"line":679,"column":9}},"loc":{"start":{"line":679,"column":33},"end":{"line":693,"column":1}},"line":679}},"branchMap":{"0":{"loc":{"start":{"line":82,"column":4},"end":{"line":86,"column":5}},"type":"if","locations":[{"start":{"line":82,"column":4},"end":{"line":86,"column":5}},{"start":{},"end":{}}],"line":82},"1":{"loc":{"start":{"line":141,"column":2},"end":{"line":148,"column":3}},"type":"if","locations":[{"start":{"line":141,"column":2},"end":{"line":148,"column":3}},{"start":{},"end":{}}],"line":141},"2":{"loc":{"start":{"line":141,"column":6},"end":{"line":141,"column":25}},"type":"binary-expr","locations":[{"start":{"line":141,"column":6},"end":{"line":141,"column":12}},{"start":{"line":141,"column":16},"end":{"line":141,"column":25}}],"line":141},"3":{"loc":{"start":{"line":157,"column":4},"end":{"line":164,"column":5}},"type":"if","locations":[{"start":{"line":157,"column":4},"end":{"line":164,"column":5}},{"start":{},"end":{}}],"line":157},"4":{"loc":{"start":{"line":172,"column":4},"end":{"line":179,"column":5}},"type":"if","locations":[{"start":{"line":172,"column":4},"end":{"line":179,"column":5}},{"start":{},"end":{}}],"line":172},"5":{"loc":{"start":{"line":202,"column":2},"end":{"line":209,"column":3}},"type":"if","locations":[{"start":{"line":202,"column":2},"end":{"line":209,"column":3}},{"start":{},"end":{}}],"line":202},"6":{"loc":{"start":{"line":202,"column":6},"end":{"line":202,"column":31}},"type":"binary-expr","locations":[{"start":{"line":202,"column":6},"end":{"line":202,"column":11}},{"start":{"line":202,"column":15},"end":{"line":202,"column":21}},{"start":{"line":202,"column":25},"end":{"line":202,"column":31}}],"line":202},"7":{"loc":{"start":{"line":234,"column":4},"end":{"line":242,"column":5}},"type":"if","locations":[{"start":{"line":234,"column":4},"end":{"line":242,"column":5}},{"start":{},"end":{}}],"line":234},"8":{"loc":{"start":{"line":266,"column":4},"end":{"line":270,"column":5}},"type":"if","locations":[{"start":{"line":266,"column":4},"end":{"line":270,"column":5}},{"start":{},"end":{}}],"line":266},"9":{"loc":{"start":{"line":273,"column":4},"end":{"line":280,"column":5}},"type":"if","locations":[{"start":{"line":273,"column":4},"end":{"line":280,"column":5}},{"start":{},"end":{}}],"line":273},"10":{"loc":{"start":{"line":273,"column":8},"end":{"line":273,"column":23}},"type":"binary-expr","locations":[{"start":{"line":273,"column":8},"end":{"line":273,"column":13}},{"start":{"line":273,"column":17},"end":{"line":273,"column":23}}],"line":273},"11":{"loc":{"start":{"line":291,"column":4},"end":{"line":298,"column":5}},"type":"if","locations":[{"start":{"line":291,"column":4},"end":{"line":298,"column":5}},{"start":{},"end":{}}],"line":291},"12":{"loc":{"start":{"line":333,"column":4},"end":{"line":340,"column":5}},"type":"if","locations":[{"start":{"line":333,"column":4},"end":{"line":340,"column":5}},{"start":{},"end":{}}],"line":333},"13":{"loc":{"start":{"line":344,"column":4},"end":{"line":346,"column":5}},"type":"if","locations":[{"start":{"line":344,"column":4},"end":{"line":346,"column":5}},{"start":{},"end":{}}],"line":344},"14":{"loc":{"start":{"line":347,"column":4},"end":{"line":349,"column":5}},"type":"if","locations":[{"start":{"line":347,"column":4},"end":{"line":349,"column":5}},{"start":{},"end":{}}],"line":347},"15":{"loc":{"start":{"line":350,"column":4},"end":{"line":352,"column":5}},"type":"if","locations":[{"start":{"line":350,"column":4},"end":{"line":352,"column":5}},{"start":{},"end":{}}],"line":350},"16":{"loc":{"start":{"line":390,"column":6},"end":{"line":397,"column":7}},"type":"if","locations":[{"start":{"line":390,"column":6},"end":{"line":397,"column":7}},{"start":{},"end":{}}],"line":390},"17":{"loc":{"start":{"line":438,"column":4},"end":{"line":442,"column":5}},"type":"if","locations":[{"start":{"line":438,"column":4},"end":{"line":442,"column":5}},{"start":{},"end":{}}],"line":438},"18":{"loc":{"start":{"line":484,"column":2},"end":{"line":491,"column":3}},"type":"if","locations":[{"start":{"line":484,"column":2},"end":{"line":491,"column":3}},{"start":{},"end":{}}],"line":484},"19":{"loc":{"start":{"line":484,"column":6},"end":{"line":484,"column":25}},"type":"binary-expr","locations":[{"start":{"line":484,"column":6},"end":{"line":484,"column":12}},{"start":{"line":484,"column":16},"end":{"line":484,"column":25}}],"line":484},"20":{"loc":{"start":{"line":502,"column":4},"end":{"line":509,"column":5}},"type":"if","locations":[{"start":{"line":502,"column":4},"end":{"line":509,"column":5}},{"start":{},"end":{}}],"line":502},"21":{"loc":{"start":{"line":537,"column":4},"end":{"line":545,"column":5}},"type":"if","locations":[{"start":{"line":537,"column":4},"end":{"line":545,"column":5}},{"start":{},"end":{}}],"line":537},"22":{"loc":{"start":{"line":580,"column":4},"end":{"line":588,"column":5}},"type":"if","locations":[{"start":{"line":580,"column":4},"end":{"line":588,"column":5}},{"start":{},"end":{}}],"line":580},"23":{"loc":{"start":{"line":592,"column":4},"end":{"line":600,"column":5}},"type":"if","locations":[{"start":{"line":592,"column":4},"end":{"line":600,"column":5}},{"start":{},"end":{}}],"line":592},"24":{"loc":{"start":{"line":628,"column":4},"end":{"line":631,"column":5}},"type":"if","locations":[{"start":{"line":628,"column":4},"end":{"line":631,"column":5}},{"start":{},"end":{}}],"line":628},"25":{"loc":{"start":{"line":635,"column":4},"end":{"line":642,"column":5}},"type":"if","locations":[{"start":{"line":635,"column":4},"end":{"line":642,"column":5}},{"start":{},"end":{}}],"line":635},"26":{"loc":{"start":{"line":646,"column":4},"end":{"line":648,"column":5}},"type":"if","locations":[{"start":{"line":646,"column":4},"end":{"line":648,"column":5}},{"start":{},"end":{}}],"line":646},"27":{"loc":{"start":{"line":682,"column":21},"end":{"line":682,"column":56}},"type":"binary-expr","locations":[{"start":{"line":682,"column":21},"end":{"line":682,"column":31}},{"start":{"line":682,"column":35},"end":{"line":682,"column":49}},{"start":{"line":682,"column":53},"end":{"line":682,"column":56}}],"line":682},"28":{"loc":{"start":{"line":685,"column":12},"end":{"line":685,"column":78}},"type":"cond-expr","locations":[{"start":{"line":685,"column":33},"end":{"line":685,"column":56}},{"start":{"line":685,"column":59},"end":{"line":685,"column":78}}],"line":685},"29":{"loc":{"start":{"line":685,"column":59},"end":{"line":685,"column":78}},"type":"binary-expr","locations":[{"start":{"line":685,"column":59},"end":{"line":685,"column":67}},{"start":{"line":685,"column":71},"end":{"line":685,"column":78}}],"line":685},"30":{"loc":{"start":{"line":688,"column":8},"end":{"line":690,"column":23}},"type":"cond-expr","locations":[{"start":{"line":689,"column":12},"end":{"line":689,"column":49}},{"start":{"line":690,"column":12},"end":{"line":690,"column":23}}],"line":688}},"s":{"0":3,"1":3,"2":3,"3":3,"4":3,"5":3,"6":3,"7":3,"8":3,"9":3,"10":3,"11":3,"12":3,"13":3,"14":3,"15":3,"16":3,"17":3,"18":3,"19":3,"20":3,"21":3,"22":3,"23":3,"24":3,"25":3,"26":3,"27":3,"28":3,"29":1,"30":1,"31":1,"32":3,"33":3,"34":3,"35":2,"36":2,"37":1,"38":3,"39":4,"40":4,"41":1,"42":3,"43":3,"44":8,"45":8,"46":0,"47":8,"48":8,"49":7,"50":3,"51":4,"52":4,"53":4,"54":1,"55":3,"56":3,"57":1,"58":3,"59":4,"60":4,"61":1,"62":3,"63":3,"64":1,"65":1,"66":2,"67":1,"68":1,"69":3,"70":5,"71":5,"72":5,"73":5,"74":4,"75":4,"76":1,"77":3,"78":1,"79":2,"80":2,"81":1,"82":1,"83":1,"84":1,"85":3,"86":6,"87":6,"88":6,"89":6,"90":5,"91":1,"92":4,"93":4,"94":2,"95":4,"96":2,"97":4,"98":2,"99":4,"100":4,"101":1,"102":3,"103":0,"104":0,"105":0,"106":0,"107":0,"108":0,"109":3,"110":1,"111":3,"112":3,"113":3,"114":3,"115":3,"116":1,"117":2,"118":2,"119":1,"120":1,"121":3,"122":8,"123":8,"124":2,"125":6,"126":6,"127":5,"128":2,"129":3,"130":3,"131":3,"132":1,"133":0,"134":1,"135":3,"136":0,"137":0,"138":0,"139":0,"140":0,"141":0,"142":0,"143":0,"144":0,"145":0,"146":0,"147":0,"148":0,"149":0,"150":0,"151":0,"152":0,"153":0,"154":0,"155":0,"156":0,"157":0,"158":0,"159":3,"160":3,"161":3,"162":1,"163":3,"164":10,"165":10,"166":10,"167":3},"f":{"0":3,"1":4,"2":8,"3":4,"4":5,"5":6,"6":0,"7":1,"8":3,"9":8,"10":0,"11":1,"12":10},"b":{"0":[1,2],"1":[0,8],"2":[8,8],"3":[3,4],"4":[1,3],"5":[1,3],"6":[4,4,3],"7":[1,1],"8":[1,3],"9":[1,2],"10":[3,3],"11":[1,1],"12":[1,4],"13":[2,2],"14":[2,2],"15":[2,2],"16":[0,0],"17":[1,2],"18":[2,6],"19":[8,7],"20":[2,3],"21":[0,1],"22":[0,0],"23":[0,0],"24":[0,0],"25":[0,0],"26":[0,0],"27":[10,9,8],"28":[8,2],"29":[2,0],"30":[8,2]},"_coverageSchema":"1a1c01bbd47fc00a2c39e90264f33305004495a9","hash":"a902881a6df69371ea90f3aba909732566a0e43b"}
,"C:\\67160411\\student-api\\auth-helpers.js": {"path":"C:\\67160411\\student-api\\auth-helpers.js","statementMap":{"0":{"start":{"line":1,"column":15},"end":{"line":1,"column":32}},"1":{"start":{"line":2,"column":12},"end":{"line":2,"column":35}},"2":{"start":{"line":4,"column":20},"end":{"line":4,"column":22}},"3":{"start":{"line":7,"column":2},"end":{"line":7,"column":55}},"4":{"start":{"line":11,"column":2},"end":{"line":11,"column":61}},"5":{"start":{"line":15,"column":2},"end":{"line":19,"column":4}},"6":{"start":{"line":22,"column":0},"end":{"line":22,"column":65}}},"fnMap":{"0":{"name":"hashPassword","decl":{"start":{"line":6,"column":15},"end":{"line":6,"column":27}},"loc":{"start":{"line":6,"column":43},"end":{"line":8,"column":1}},"line":6},"1":{"name":"verifyPassword","decl":{"start":{"line":10,"column":15},"end":{"line":10,"column":29}},"loc":{"start":{"line":10,"column":61},"end":{"line":12,"column":1}},"line":10},"2":{"name":"generateToken","decl":{"start":{"line":14,"column":9},"end":{"line":14,"column":22}},"loc":{"start":{"line":14,"column":29},"end":{"line":20,"column":1}},"line":14}},"branchMap":{"0":{"loc":{"start":{"line":17,"column":4},"end":{"line":17,"column":47}},"type":"binary-expr","locations":[{"start":{"line":17,"column":4},"end":{"line":17,"column":26}},{"start":{"line":17,"column":30},"end":{"line":17,"column":47}}],"line":17},"1":{"loc":{"start":{"line":18,"column":17},"end":{"line":18,"column":51}},"type":"binary-expr","locations":[{"start":{"line":18,"column":17},"end":{"line":18,"column":43}},{"start":{"line":18,"column":47},"end":{"line":18,"column":51}}],"line":18}},"s":{"0":4,"1":4,"2":4,"3":8,"4":6,"5":4,"6":4},"f":{"0":8,"1":6,"2":4},"b":{"0":[4,0],"1":[4,0]},"_coverageSchema":"1a1c01bbd47fc00a2c39e90264f33305004495a9","hash":"d47252444f759bf060a0a9f6ed75ef03343f2981"}
,"C:\\67160411\\student-api\\cache.js": {"path":"C:\\67160411\\student-api\\cache.js","statementMap":{"0":{"start":{"line":1,"column":25},"end":{"line":1,"column":41}},"1":{"start":{"line":3,"column":20},"end":{"line":3,"column":64}},"2":{"start":{"line":5,"column":0},"end":{"line":5,"column":75}},"3":{"start":{"line":5,"column":33},"end":{"line":5,"column":73}},"4":{"start":{"line":8,"column":2},"end":{"line":8,"column":30}},"5":{"start":{"line":9,"column":2},"end":{"line":9,"column":40}},"6":{"start":{"line":12,"column":0},"end":{"line":12,"column":47}}},"fnMap":{"0":{"name":"(anonymous_0)","decl":{"start":{"line":5,"column":24},"end":{"line":5,"column":25}},"loc":{"start":{"line":5,"column":33},"end":{"line":5,"column":73}},"line":5},"1":{"name":"connectRedis","decl":{"start":{"line":7,"column":15},"end":{"line":7,"column":27}},"loc":{"start":{"line":7,"column":30},"end":{"line":10,"column":1}},"line":7}},"branchMap":{},"s":{"0":2,"1":2,"2":2,"3":0,"4":0,"5":0,"6":2},"f":{"0":0,"1":0},"b":{},"_coverageSchema":"1a1c01bbd47fc00a2c39e90264f33305004495a9","hash":"a28cf9208a39bee7caa0fc67d013a899ca471c51"}
,"C:\\67160411\\student-api\\db.js": {"path":"C:\\67160411\\student-api\\db.js","statementMap":{"0":{"start":{"line":1,"column":14},"end":{"line":1,"column":39}},"1":{"start":{"line":3,"column":13},"end":{"line":12,"column":2}},"2":{"start":{"line":14,"column":0},"end":{"line":14,"column":22}}},"fnMap":{},"branchMap":{},"s":{"0":2,"1":2,"2":2},"f":{},"b":{},"_coverageSchema":"1a1c01bbd47fc00a2c39e90264f33305004495a9","hash":"78c646bbd71666c1282b48ab9da4eb3ee5ca012d"}
,"C:\\67160411\\student-api\\resolvers.js": {"path":"C:\\67160411\\student-api\\resolvers.js","statementMap":{"0":{"start":{"line":1,"column":15},"end":{"line":18,"column":1}},"1":{"start":{"line":20,"column":14},"end":{"line":23,"column":1}},"2":{"start":{"line":25,"column":20},"end":{"line":25,"column":21}},"3":{"start":{"line":28,"column":2},"end":{"line":31,"column":4}},"4":{"start":{"line":30,"column":35},"end":{"line":30,"column":67}},"5":{"start":{"line":34,"column":13},"end":{"line":121,"column":1}},"6":{"start":{"line":37,"column":20},"end":{"line":37,"column":61}},"7":{"start":{"line":37,"column":41},"end":{"line":37,"column":60}},"8":{"start":{"line":38,"column":4},"end":{"line":38,"column":52}},"9":{"start":{"line":42,"column":17},"end":{"line":42,"column":25}},"10":{"start":{"line":44,"column":4},"end":{"line":46,"column":5}},"11":{"start":{"line":45,"column":6},"end":{"line":45,"column":55}},"12":{"start":{"line":45,"column":36},"end":{"line":45,"column":53}},"13":{"start":{"line":48,"column":4},"end":{"line":50,"column":5}},"14":{"start":{"line":49,"column":6},"end":{"line":49,"column":72}},"15":{"start":{"line":49,"column":42},"end":{"line":49,"column":70}},"16":{"start":{"line":52,"column":4},"end":{"line":52,"column":38}},"17":{"start":{"line":55,"column":22},"end":{"line":55,"column":37}},"18":{"start":{"line":57,"column":22},"end":{"line":57,"column":70}},"19":{"start":{"line":57,"column":42},"end":{"line":57,"column":61}},"20":{"start":{"line":60,"column":4},"end":{"line":62,"column":5}},"21":{"start":{"line":61,"column":6},"end":{"line":61,"column":21}},"22":{"start":{"line":63,"column":4},"end":{"line":63,"column":56}},"23":{"start":{"line":63,"column":33},"end":{"line":63,"column":54}},"24":{"start":{"line":67,"column":25},"end":{"line":67,"column":46}},"25":{"start":{"line":68,"column":4},"end":{"line":74,"column":27}},"26":{"start":{"line":71,"column":10},"end":{"line":72,"column":54}},"27":{"start":{"line":79,"column":23},"end":{"line":86,"column":5}},"28":{"start":{"line":87,"column":4},"end":{"line":87,"column":30}},"29":{"start":{"line":88,"column":4},"end":{"line":88,"column":38}},"30":{"start":{"line":93,"column":20},"end":{"line":93,"column":61}},"31":{"start":{"line":93,"column":41},"end":{"line":93,"column":60}},"32":{"start":{"line":95,"column":4},"end":{"line":97,"column":5}},"33":{"start":{"line":96,"column":6},"end":{"line":96,"column":18}},"34":{"start":{"line":99,"column":4},"end":{"line":99,"column":60}},"35":{"start":{"line":99,"column":34},"end":{"line":99,"column":60}},"36":{"start":{"line":100,"column":4},"end":{"line":100,"column":63}},"37":{"start":{"line":100,"column":35},"end":{"line":100,"column":63}},"38":{"start":{"line":101,"column":4},"end":{"line":101,"column":63}},"39":{"start":{"line":101,"column":35},"end":{"line":101,"column":63}},"40":{"start":{"line":102,"column":4},"end":{"line":102,"column":63}},"41":{"start":{"line":102,"column":35},"end":{"line":102,"column":63}},"42":{"start":{"line":103,"column":4},"end":{"line":105,"column":5}},"43":{"start":{"line":104,"column":6},"end":{"line":104,"column":54}},"44":{"start":{"line":107,"column":4},"end":{"line":107,"column":35}},"45":{"start":{"line":112,"column":18},"end":{"line":112,"column":64}},"46":{"start":{"line":112,"column":44},"end":{"line":112,"column":63}},"47":{"start":{"line":114,"column":4},"end":{"line":116,"column":5}},"48":{"start":{"line":115,"column":6},"end":{"line":115,"column":76}},"49":{"start":{"line":118,"column":4},"end":{"line":118,"column":30}},"50":{"start":{"line":119,"column":4},"end":{"line":119,"column":64}},"51":{"start":{"line":123,"column":0},"end":{"line":123,"column":22}}},"fnMap":{"0":{"name":"resolveStudent","decl":{"start":{"line":27,"column":9},"end":{"line":27,"column":23}},"loc":{"start":{"line":27,"column":33},"end":{"line":32,"column":1}},"line":27},"1":{"name":"(anonymous_1)","decl":{"start":{"line":30,"column":28},"end":{"line":30,"column":29}},"loc":{"start":{"line":30,"column":35},"end":{"line":30,"column":67}},"line":30},"2":{"name":"(anonymous_2)","decl":{"start":{"line":36,"column":11},"end":{"line":36,"column":12}},"loc":{"start":{"line":36,"column":23},"end":{"line":39,"column":3}},"line":36},"3":{"name":"(anonymous_3)","decl":{"start":{"line":37,"column":34},"end":{"line":37,"column":35}},"loc":{"start":{"line":37,"column":41},"end":{"line":37,"column":60}},"line":37},"4":{"name":"(anonymous_4)","decl":{"start":{"line":41,"column":12},"end":{"line":41,"column":13}},"loc":{"start":{"line":41,"column":35},"end":{"line":53,"column":3}},"line":41},"5":{"name":"(anonymous_5)","decl":{"start":{"line":45,"column":29},"end":{"line":45,"column":30}},"loc":{"start":{"line":45,"column":36},"end":{"line":45,"column":53}},"line":45},"6":{"name":"(anonymous_6)","decl":{"start":{"line":49,"column":32},"end":{"line":49,"column":33}},"loc":{"start":{"line":49,"column":42},"end":{"line":49,"column":70}},"line":49},"7":{"name":"(anonymous_7)","decl":{"start":{"line":55,"column":16},"end":{"line":55,"column":17}},"loc":{"start":{"line":55,"column":22},"end":{"line":55,"column":37}},"line":55},"8":{"name":"(anonymous_8)","decl":{"start":{"line":57,"column":10},"end":{"line":57,"column":11}},"loc":{"start":{"line":57,"column":22},"end":{"line":57,"column":70}},"line":57},"9":{"name":"(anonymous_9)","decl":{"start":{"line":57,"column":35},"end":{"line":57,"column":36}},"loc":{"start":{"line":57,"column":42},"end":{"line":57,"column":61}},"line":57},"10":{"name":"(anonymous_10)","decl":{"start":{"line":59,"column":11},"end":{"line":59,"column":12}},"loc":{"start":{"line":59,"column":30},"end":{"line":64,"column":3}},"line":59},"11":{"name":"(anonymous_11)","decl":{"start":{"line":63,"column":26},"end":{"line":63,"column":27}},"loc":{"start":{"line":63,"column":33},"end":{"line":63,"column":54}},"line":63},"12":{"name":"(anonymous_12)","decl":{"start":{"line":66,"column":18},"end":{"line":66,"column":19}},"loc":{"start":{"line":66,"column":35},"end":{"line":75,"column":3}},"line":66},"13":{"name":"(anonymous_13)","decl":{"start":{"line":70,"column":8},"end":{"line":70,"column":9}},"loc":{"start":{"line":71,"column":10},"end":{"line":72,"column":54}},"line":71},"14":{"name":"(anonymous_14)","decl":{"start":{"line":78,"column":17},"end":{"line":78,"column":18}},"loc":{"start":{"line":78,"column":32},"end":{"line":89,"column":3}},"line":78},"15":{"name":"(anonymous_15)","decl":{"start":{"line":92,"column":17},"end":{"line":92,"column":18}},"loc":{"start":{"line":92,"column":36},"end":{"line":108,"column":3}},"line":92},"16":{"name":"(anonymous_16)","decl":{"start":{"line":93,"column":34},"end":{"line":93,"column":35}},"loc":{"start":{"line":93,"column":41},"end":{"line":93,"column":60}},"line":93},"17":{"name":"(anonymous_17)","decl":{"start":{"line":111,"column":17},"end":{"line":111,"column":18}},"loc":{"start":{"line":111,"column":29},"end":{"line":120,"column":3}},"line":111},"18":{"name":"(anonymous_18)","decl":{"start":{"line":112,"column":37},"end":{"line":112,"column":38}},"loc":{"start":{"line":112,"column":44},"end":{"line":112,"column":63}},"line":112}},"branchMap":{"0":{"loc":{"start":{"line":38,"column":11},"end":{"line":38,"column":51}},"type":"cond-expr","locations":[{"start":{"line":38,"column":21},"end":{"line":38,"column":44}},{"start":{"line":38,"column":47},"end":{"line":38,"column":51}}],"line":38},"1":{"loc":{"start":{"line":44,"column":4},"end":{"line":46,"column":5}},"type":"if","locations":[{"start":{"line":44,"column":4},"end":{"line":46,"column":5}},{"start":{},"end":{}}],"line":44},"2":{"loc":{"start":{"line":48,"column":4},"end":{"line":50,"column":5}},"type":"if","locations":[{"start":{"line":48,"column":4},"end":{"line":50,"column":5}},{"start":{},"end":{}}],"line":48},"3":{"loc":{"start":{"line":57,"column":22},"end":{"line":57,"column":70}},"type":"binary-expr","locations":[{"start":{"line":57,"column":22},"end":{"line":57,"column":62}},{"start":{"line":57,"column":66},"end":{"line":57,"column":70}}],"line":57},"4":{"loc":{"start":{"line":60,"column":4},"end":{"line":62,"column":5}},"type":"if","locations":[{"start":{"line":60,"column":4},"end":{"line":62,"column":5}},{"start":{},"end":{}}],"line":60},"5":{"loc":{"start":{"line":60,"column":8},"end":{"line":60,"column":53}},"type":"binary-expr","locations":[{"start":{"line":60,"column":8},"end":{"line":60,"column":31}},{"start":{"line":60,"column":35},"end":{"line":60,"column":53}}],"line":60},"6":{"loc":{"start":{"line":71,"column":10},"end":{"line":72,"column":54}},"type":"binary-expr","locations":[{"start":{"line":71,"column":10},"end":{"line":71,"column":53}},{"start":{"line":72,"column":10},"end":{"line":72,"column":54}}],"line":71},"7":{"loc":{"start":{"line":85,"column":18},"end":{"line":85,"column":39}},"type":"binary-expr","locations":[{"start":{"line":85,"column":18},"end":{"line":85,"column":33}},{"start":{"line":85,"column":37},"end":{"line":85,"column":39}}],"line":85},"8":{"loc":{"start":{"line":95,"column":4},"end":{"line":97,"column":5}},"type":"if","locations":[{"start":{"line":95,"column":4},"end":{"line":97,"column":5}},{"start":{},"end":{}}],"line":95},"9":{"loc":{"start":{"line":99,"column":4},"end":{"line":99,"column":60}},"type":"if","locations":[{"start":{"line":99,"column":4},"end":{"line":99,"column":60}},{"start":{},"end":{}}],"line":99},"10":{"loc":{"start":{"line":100,"column":4},"end":{"line":100,"column":63}},"type":"if","locations":[{"start":{"line":100,"column":4},"end":{"line":100,"column":63}},{"start":{},"end":{}}],"line":100},"11":{"loc":{"start":{"line":101,"column":4},"end":{"line":101,"column":63}},"type":"if","locations":[{"start":{"line":101,"column":4},"end":{"line":101,"column":63}},{"start":{},"end":{}}],"line":101},"12":{"loc":{"start":{"line":102,"column":4},"end":{"line":102,"column":63}},"type":"if","locations":[{"start":{"line":102,"column":4},"end":{"line":102,"column":63}},{"start":{},"end":{}}],"line":102},"13":{"loc":{"start":{"line":103,"column":4},"end":{"line":105,"column":5}},"type":"if","locations":[{"start":{"line":103,"column":4},"end":{"line":105,"column":5}},{"start":{},"end":{}}],"line":103},"14":{"loc":{"start":{"line":114,"column":4},"end":{"line":116,"column":5}},"type":"if","locations":[{"start":{"line":114,"column":4},"end":{"line":116,"column":5}},{"start":{},"end":{}}],"line":114}},"s":{"0":3,"1":3,"2":3,"3":0,"4":0,"5":3,"6":0,"7":0,"8":0,"9":0,"10":0,"11":0,"12":0,"13":0,"14":0,"15":0,"16":0,"17":0,"18":0,"19":0,"20":0,"21":0,"22":0,"23":0,"24":0,"25":0,"26":0,"27":0,"28":0,"29":0,"30":0,"31":0,"32":0,"33":0,"34":0,"35":0,"36":0,"37":0,"38":0,"39":0,"40":0,"41":0,"42":0,"43":0,"44":0,"45":0,"46":0,"47":0,"48":0,"49":0,"50":0,"51":3},"f":{"0":0,"1":0,"2":0,"3":0,"4":0,"5":0,"6":0,"7":0,"8":0,"9":0,"10":0,"11":0,"12":0,"13":0,"14":0,"15":0,"16":0,"17":0,"18":0},"b":{"0":[0,0],"1":[0,0],"2":[0,0],"3":[0,0],"4":[0,0],"5":[0,0],"6":[0,0],"7":[0,0],"8":[0,0],"9":[0,0],"10":[0,0],"11":[0,0],"12":[0,0],"13":[0,0],"14":[0,0]},"_coverageSchema":"1a1c01bbd47fc00a2c39e90264f33305004495a9","hash":"e15eff7fed44c5c77ef667d6de7910873a6a6dc9"}
,"C:\\67160411\\student-api\\schema.js": {"path":"C:\\67160411\\student-api\\schema.js","statementMap":{"0":{"start":{"line":1,"column":24},"end":{"line":1,"column":42}},"1":{"start":{"line":3,"column":15},"end":{"line":54,"column":2}},"2":{"start":{"line":56,"column":0},"end":{"line":56,"column":24}}},"fnMap":{},"branchMap":{},"s":{"0":3,"1":3,"2":3},"f":{},"b":{},"_coverageSchema":"1a1c01bbd47fc00a2c39e90264f33305004495a9","hash":"721a272a38806ffa7badee3d40c34466bb0e2bd6"}
,"C:\\67160411\\student-api\\middlewares\\auth.js": {"path":"C:\\67160411\\student-api\\middlewares\\auth.js","statementMap":{"0":{"start":{"line":1,"column":12},"end":{"line":1,"column":35}},"1":{"start":{"line":4,"column":21},"end":{"line":4,"column":49}},"2":{"start":{"line":5,"column":16},"end":{"line":5,"column":54}},"3":{"start":{"line":7,"column":2},"end":{"line":11,"column":3}},"4":{"start":{"line":8,"column":4},"end":{"line":10,"column":7}},"5":{"start":{"line":13,"column":2},"end":{"line":20,"column":3}},"6":{"start":{"line":14,"column":4},"end":{"line":14,"column":57}},"7":{"start":{"line":15,"column":4},"end":{"line":15,"column":11}},"8":{"start":{"line":17,"column":4},"end":{"line":19,"column":7}},"9":{"start":{"line":24,"column":2},"end":{"line":40,"column":4}},"10":{"start":{"line":25,"column":4},"end":{"line":29,"column":5}},"11":{"start":{"line":26,"column":6},"end":{"line":28,"column":9}},"12":{"start":{"line":31,"column":4},"end":{"line":38,"column":5}},"13":{"start":{"line":32,"column":6},"end":{"line":37,"column":9}},"14":{"start":{"line":39,"column":4},"end":{"line":39,"column":11}},"15":{"start":{"line":43,"column":0},"end":{"line":43,"column":54}}},"fnMap":{"0":{"name":"authenticateToken","decl":{"start":{"line":3,"column":9},"end":{"line":3,"column":26}},"loc":{"start":{"line":3,"column":43},"end":{"line":21,"column":1}},"line":3},"1":{"name":"authorizeRole","decl":{"start":{"line":23,"column":9},"end":{"line":23,"column":22}},"loc":{"start":{"line":23,"column":40},"end":{"line":41,"column":1}},"line":23},"2":{"name":"(anonymous_2)","decl":{"start":{"line":24,"column":9},"end":{"line":24,"column":10}},"loc":{"start":{"line":24,"column":29},"end":{"line":40,"column":3}},"line":24}},"branchMap":{"0":{"loc":{"start":{"line":5,"column":16},"end":{"line":5,"column":54}},"type":"binary-expr","locations":[{"start":{"line":5,"column":16},"end":{"line":5,"column":26}},{"start":{"line":5,"column":30},"end":{"line":5,"column":54}}],"line":5},"1":{"loc":{"start":{"line":7,"column":2},"end":{"line":11,"column":3}},"type":"if","locations":[{"start":{"line":7,"column":2},"end":{"line":11,"column":3}},{"start":{},"end":{}}],"line":7},"2":{"loc":{"start":{"line":25,"column":4},"end":{"line":29,"column":5}},"type":"if","locations":[{"start":{"line":25,"column":4},"end":{"line":29,"column":5}},{"start":{},"end":{}}],"line":25},"3":{"loc":{"start":{"line":31,"column":4},"end":{"line":38,"column":5}},"type":"if","locations":[{"start":{"line":31,"column":4},"end":{"line":38,"column":5}},{"start":{},"end":{}}],"line":31}},"s":{"0":3,"1":2,"2":2,"3":2,"4":1,"5":1,"6":1,"7":1,"8":0,"9":3,"10":0,"11":0,"12":0,"13":0,"14":0,"15":3},"f":{"0":2,"1":3,"2":0},"b":{"0":[2,1],"1":[1,1],"2":[0,0],"3":[0,0]},"_coverageSchema":"1a1c01bbd47fc00a2c39e90264f33305004495a9","hash":"c8c404880a3663d3d1663cf6797f58afe10c1f4c"}
,"C:\\67160411\\student-api\\middlewares\\query-parser.js": {"path":"C:\\67160411\\student-api\\middlewares\\query-parser.js","statementMap":{"0":{"start":{"line":2,"column":2},"end":{"line":5,"column":4}},"1":{"start":{"line":6,"column":2},"end":{"line":6,"column":75}},"2":{"start":{"line":7,"column":2},"end":{"line":7,"column":9}},"3":{"start":{"line":12,"column":28},"end":{"line":12,"column":65}},"4":{"start":{"line":15,"column":2},"end":{"line":18,"column":4}},"5":{"start":{"line":19,"column":2},"end":{"line":19,"column":9}},"6":{"start":{"line":22,"column":0},"end":{"line":22,"column":48}}},"fnMap":{"0":{"name":"parsePagination","decl":{"start":{"line":1,"column":9},"end":{"line":1,"column":24}},"loc":{"start":{"line":1,"column":41},"end":{"line":8,"column":1}},"line":1},"1":{"name":"parseSort","decl":{"start":{"line":14,"column":9},"end":{"line":14,"column":18}},"loc":{"start":{"line":14,"column":35},"end":{"line":20,"column":1}},"line":14}},"branchMap":{"0":{"loc":{"start":{"line":3,"column":22},"end":{"line":3,"column":51}},"type":"binary-expr","locations":[{"start":{"line":3,"column":22},"end":{"line":3,"column":46}},{"start":{"line":3,"column":50},"end":{"line":3,"column":51}}],"line":3},"1":{"loc":{"start":{"line":4,"column":25},"end":{"line":4,"column":56}},"type":"binary-expr","locations":[{"start":{"line":4,"column":25},"end":{"line":4,"column":50}},{"start":{"line":4,"column":54},"end":{"line":4,"column":56}}],"line":4},"2":{"loc":{"start":{"line":16,"column":11},"end":{"line":16,"column":79}},"type":"cond-expr","locations":[{"start":{"line":16,"column":58},"end":{"line":16,"column":72}},{"start":{"line":16,"column":75},"end":{"line":16,"column":79}}],"line":16},"3":{"loc":{"start":{"line":17,"column":11},"end":{"line":17,"column":54}},"type":"cond-expr","locations":[{"start":{"line":17,"column":40},"end":{"line":17,"column":46}},{"start":{"line":17,"column":49},"end":{"line":17,"column":54}}],"line":17}},"s":{"0":3,"1":3,"2":3,"3":3,"4":3,"5":3,"6":3},"f":{"0":3,"1":3},"b":{"0":[3,0],"1":[3,0],"2":[3,0],"3":[0,3]},"_coverageSchema":"1a1c01bbd47fc00a2c39e90264f33305004495a9","hash":"d11051b0b3847893e85b27ebc5b1fb092f778563"}
}
