{"D:\\67160411\\student-api\\app.js": {"path":"D:\\67160411\\student-api\\app.js","statementMap":{"0":{"start":{"line":1,"column":0},"end":{"line":1,"column":27}},"1":{"start":{"line":3,"column":16},"end":{"line":3,"column":34}},"2":{"start":{"line":4,"column":15},"end":{"line":4,"column":32}},"3":{"start":{"line":5,"column":13},"end":{"line":5,"column":28}},"4":{"start":{"line":6,"column":15},"end":{"line":6,"column":32}},"5":{"start":{"line":8,"column":24},"end":{"line":8,"column":50}},"6":{"start":{"line":9,"column":15},"end":{"line":9,"column":34}},"7":{"start":{"line":10,"column":13},"end":{"line":10,"column":35}},"8":{"start":{"line":12,"column":13},"end":{"line":12,"column":28}},"9":{"start":{"line":18,"column":4},"end":{"line":18,"column":29}},"10":{"start":{"line":20,"column":45},"end":{"line":20,"column":74}},"11":{"start":{"line":22,"column":24},"end":{"line":22,"column":42}},"12":{"start":{"line":24,"column":39},"end":{"line":24,"column":76}},"13":{"start":{"line":26,"column":12},"end":{"line":26,"column":21}},"14":{"start":{"line":28,"column":17},"end":{"line":28,"column":33}},"15":{"start":{"line":29,"column":17},"end":{"line":29,"column":33}},"16":{"start":{"line":32,"column":0},"end":{"line":32,"column":18}},"17":{"start":{"line":33,"column":0},"end":{"line":38,"column":2}},"18":{"start":{"line":39,"column":0},"end":{"line":39,"column":23}},"19":{"start":{"line":40,"column":0},"end":{"line":40,"column":41}},"20":{"start":{"line":43,"column":0},"end":{"line":50,"column":2}},"21":{"start":{"line":53,"column":0},"end":{"line":92,"column":2}},"22":{"start":{"line":58,"column":22},"end":{"line":58,"column":31}},"23":{"start":{"line":59,"column":36},"end":{"line":59,"column":50}},"24":{"start":{"line":60,"column":29},"end":{"line":60,"column":37}},"25":{"start":{"line":62,"column":20},"end":{"line":62,"column":44}},"26":{"start":{"line":63,"column":21},"end":{"line":63,"column":61}},"27":{"start":{"line":64,"column":19},"end":{"line":64,"column":21}},"28":{"start":{"line":66,"column":4},"end":{"line":70,"column":5}},"29":{"start":{"line":67,"column":6},"end":{"line":67,"column":38}},"30":{"start":{"line":68,"column":6},"end":{"line":68,"column":39}},"31":{"start":{"line":69,"column":6},"end":{"line":69,"column":25}},"32":{"start":{"line":72,"column":4},"end":{"line":72,"column":64}},"33":{"start":{"line":74,"column":4},"end":{"line":90,"column":5}},"34":{"start":{"line":75,"column":21},"end":{"line":75,"column":76}},"35":{"start":{"line":76,"column":28},"end":{"line":76,"column":64}},"36":{"start":{"line":78,"column":6},"end":{"line":87,"column":9}},"37":{"start":{"line":89,"column":6},"end":{"line":89,"column":16}},"38":{"start":{"line":94,"column":0},"end":{"line":105,"column":3}},"39":{"start":{"line":95,"column":2},"end":{"line":104,"column":3}},"40":{"start":{"line":96,"column":19},"end":{"line":96,"column":61}},"41":{"start":{"line":98,"column":4},"end":{"line":101,"column":7}},"42":{"start":{"line":103,"column":4},"end":{"line":103,"column":14}},"43":{"start":{"line":108,"column":0},"end":{"line":151,"column":3}},"44":{"start":{"line":109,"column":30},"end":{"line":109,"column":38}},"45":{"start":{"line":111,"column":2},"end":{"line":118,"column":3}},"46":{"start":{"line":112,"column":4},"end":{"line":117,"column":7}},"47":{"start":{"line":120,"column":2},"end":{"line":150,"column":3}},"48":{"start":{"line":121,"column":19},"end":{"line":123,"column":6}},"49":{"start":{"line":125,"column":4},"end":{"line":132,"column":5}},"50":{"start":{"line":126,"column":6},"end":{"line":131,"column":9}},"51":{"start":{"line":134,"column":17},"end":{"line":134,"column":24}},"52":{"start":{"line":135,"column":28},"end":{"line":135,"column":78}},"53":{"start":{"line":137,"column":4},"end":{"line":144,"column":5}},"54":{"start":{"line":138,"column":6},"end":{"line":143,"column":9}},"55":{"start":{"line":146,"column":18},"end":{"line":146,"column":37}},"56":{"start":{"line":147,"column":4},"end":{"line":147,"column":66}},"57":{"start":{"line":149,"column":4},"end":{"line":149,"column":14}},"58":{"start":{"line":154,"column":0},"end":{"line":183,"column":3}},"59":{"start":{"line":155,"column":33},"end":{"line":155,"column":41}},"60":{"start":{"line":157,"column":2},"end":{"line":161,"column":3}},"61":{"start":{"line":158,"column":4},"end":{"line":160,"column":7}},"62":{"start":{"line":163,"column":2},"end":{"line":182,"column":3}},"63":{"start":{"line":164,"column":21},"end":{"line":167,"column":5}},"64":{"start":{"line":169,"column":4},"end":{"line":169,"column":42}},"65":{"start":{"line":171,"column":4},"end":{"line":174,"column":7}},"66":{"start":{"line":176,"column":4},"end":{"line":180,"column":5}},"67":{"start":{"line":177,"column":6},"end":{"line":179,"column":9}},"68":{"start":{"line":181,"column":4},"end":{"line":181,"column":14}},"69":{"start":{"line":186,"column":0},"end":{"line":205,"column":3}},"70":{"start":{"line":187,"column":13},"end":{"line":187,"column":34}},"71":{"start":{"line":188,"column":26},"end":{"line":188,"column":34}},"72":{"start":{"line":189,"column":18},"end":{"line":189,"column":51}},"73":{"start":{"line":189,"column":39},"end":{"line":189,"column":50}},"74":{"start":{"line":191,"column":2},"end":{"line":193,"column":3}},"75":{"start":{"line":192,"column":4},"end":{"line":192,"column":68}},"76":{"start":{"line":195,"column":2},"end":{"line":199,"column":3}},"77":{"start":{"line":196,"column":4},"end":{"line":198,"column":64}},"78":{"start":{"line":201,"column":2},"end":{"line":201,"column":22}},"79":{"start":{"line":202,"column":2},"end":{"line":202,"column":24}},"80":{"start":{"line":204,"column":2},"end":{"line":204,"column":72}},"81":{"start":{"line":208,"column":0},"end":{"line":224,"column":3}},"82":{"start":{"line":209,"column":13},"end":{"line":209,"column":34}},"83":{"start":{"line":210,"column":18},"end":{"line":210,"column":51}},"84":{"start":{"line":210,"column":39},"end":{"line":210,"column":50}},"85":{"start":{"line":212,"column":2},"end":{"line":216,"column":3}},"86":{"start":{"line":213,"column":4},"end":{"line":215,"column":7}},"87":{"start":{"line":218,"column":33},"end":{"line":218,"column":41}},"88":{"start":{"line":219,"column":2},"end":{"line":219,"column":46}},"89":{"start":{"line":219,"column":26},"end":{"line":219,"column":46}},"90":{"start":{"line":220,"column":2},"end":{"line":220,"column":49}},"91":{"start":{"line":220,"column":27},"end":{"line":220,"column":49}},"92":{"start":{"line":221,"column":2},"end":{"line":221,"column":49}},"93":{"start":{"line":221,"column":27},"end":{"line":221,"column":49}},"94":{"start":{"line":223,"column":2},"end":{"line":223,"column":72}},"95":{"start":{"line":227,"column":0},"end":{"line":246,"column":2}},"96":{"start":{"line":232,"column":4},"end":{"line":244,"column":5}},"97":{"start":{"line":233,"column":23},"end":{"line":235,"column":8}},"98":{"start":{"line":236,"column":6},"end":{"line":240,"column":7}},"99":{"start":{"line":237,"column":8},"end":{"line":239,"column":11}},"100":{"start":{"line":241,"column":6},"end":{"line":241,"column":58}},"101":{"start":{"line":243,"column":6},"end":{"line":243,"column":16}},"102":{"start":{"line":249,"column":0},"end":{"line":251,"column":3}},"103":{"start":{"line":250,"column":2},"end":{"line":250,"column":62}},"104":{"start":{"line":254,"column":0},"end":{"line":270,"column":3}},"105":{"start":{"line":255,"column":13},"end":{"line":255,"column":34}},"106":{"start":{"line":256,"column":18},"end":{"line":256,"column":51}},"107":{"start":{"line":256,"column":39},"end":{"line":256,"column":50}},"108":{"start":{"line":258,"column":2},"end":{"line":260,"column":3}},"109":{"start":{"line":259,"column":4},"end":{"line":259,"column":68}},"110":{"start":{"line":262,"column":25},"end":{"line":264,"column":3}},"111":{"start":{"line":263,"column":4},"end":{"line":263,"column":36}},"112":{"start":{"line":266,"column":2},"end":{"line":269,"column":5}},"113":{"start":{"line":273,"column":0},"end":{"line":327,"column":3}},"114":{"start":{"line":274,"column":30},"end":{"line":274,"column":38}},"115":{"start":{"line":276,"column":2},"end":{"line":283,"column":3}},"116":{"start":{"line":277,"column":4},"end":{"line":282,"column":7}},"117":{"start":{"line":285,"column":2},"end":{"line":326,"column":3}},"118":{"start":{"line":286,"column":28},"end":{"line":289,"column":5}},"119":{"start":{"line":291,"column":4},"end":{"line":298,"column":5}},"120":{"start":{"line":292,"column":6},"end":{"line":297,"column":9}},"121":{"start":{"line":300,"column":25},"end":{"line":300,"column":53}},"122":{"start":{"line":302,"column":21},"end":{"line":305,"column":5}},"123":{"start":{"line":307,"column":4},"end":{"line":314,"column":7}},"124":{"start":{"line":316,"column":4},"end":{"line":323,"column":5}},"125":{"start":{"line":317,"column":6},"end":{"line":322,"column":9}},"126":{"start":{"line":325,"column":4},"end":{"line":325,"column":14}},"127":{"start":{"line":329,"column":0},"end":{"line":382,"column":3}},"128":{"start":{"line":330,"column":20},"end":{"line":330,"column":33}},"129":{"start":{"line":331,"column":23},"end":{"line":331,"column":31}},"130":{"start":{"line":332,"column":21},"end":{"line":332,"column":47}},"131":{"start":{"line":334,"column":2},"end":{"line":381,"column":3}},"132":{"start":{"line":335,"column":4},"end":{"line":335,"column":40}},"133":{"start":{"line":337,"column":25},"end":{"line":340,"column":5}},"134":{"start":{"line":342,"column":4},"end":{"line":347,"column":5}},"135":{"start":{"line":343,"column":6},"end":{"line":343,"column":34}},"136":{"start":{"line":344,"column":6},"end":{"line":346,"column":9}},"137":{"start":{"line":349,"column":4},"end":{"line":354,"column":5}},"138":{"start":{"line":350,"column":6},"end":{"line":350,"column":34}},"139":{"start":{"line":351,"column":6},"end":{"line":353,"column":9}},"140":{"start":{"line":356,"column":4},"end":{"line":359,"column":6}},"141":{"start":{"line":361,"column":4},"end":{"line":364,"column":6}},"142":{"start":{"line":366,"column":4},"end":{"line":366,"column":30}},"143":{"start":{"line":367,"column":4},"end":{"line":367,"column":57}},"144":{"start":{"line":369,"column":4},"end":{"line":369,"column":32}},"145":{"start":{"line":370,"column":4},"end":{"line":377,"column":5}},"146":{"start":{"line":371,"column":6},"end":{"line":376,"column":9}},"147":{"start":{"line":378,"column":4},"end":{"line":378,"column":14}},"148":{"start":{"line":380,"column":4},"end":{"line":380,"column":25}},"149":{"start":{"line":384,"column":0},"end":{"line":384,"column":29}},"150":{"start":{"line":385,"column":0},"end":{"line":385,"column":29}},"151":{"start":{"line":388,"column":0},"end":{"line":392,"column":3}},"152":{"start":{"line":389,"column":2},"end":{"line":391,"column":5}},"153":{"start":{"line":395,"column":0},"end":{"line":407,"column":3}},"154":{"start":{"line":396,"column":2},"end":{"line":396,"column":27}},"155":{"start":{"line":397,"column":21},"end":{"line":397,"column":56}},"156":{"start":{"line":398,"column":2},"end":{"line":406,"column":5}},"157":{"start":{"line":409,"column":0},"end":{"line":409,"column":21}}},"fnMap":{"0":{"name":"(anonymous_0)","decl":{"start":{"line":57,"column":2},"end":{"line":57,"column":3}},"loc":{"start":{"line":57,"column":28},"end":{"line":91,"column":3}},"line":57},"1":{"name":"(anonymous_1)","decl":{"start":{"line":94,"column":26},"end":{"line":94,"column":27}},"loc":{"start":{"line":94,"column":52},"end":{"line":105,"column":1}},"line":94},"2":{"name":"(anonymous_2)","decl":{"start":{"line":108,"column":29},"end":{"line":108,"column":30}},"loc":{"start":{"line":108,"column":55},"end":{"line":151,"column":1}},"line":108},"3":{"name":"(anonymous_3)","decl":{"start":{"line":154,"column":27},"end":{"line":154,"column":28}},"loc":{"start":{"line":154,"column":53},"end":{"line":183,"column":1}},"line":154},"4":{"name":"(anonymous_4)","decl":{"start":{"line":186,"column":30},"end":{"line":186,"column":31}},"loc":{"start":{"line":186,"column":44},"end":{"line":205,"column":1}},"line":186},"5":{"name":"(anonymous_5)","decl":{"start":{"line":189,"column":32},"end":{"line":189,"column":33}},"loc":{"start":{"line":189,"column":39},"end":{"line":189,"column":50}},"line":189},"6":{"name":"(anonymous_6)","decl":{"start":{"line":208,"column":32},"end":{"line":208,"column":33}},"loc":{"start":{"line":208,"column":46},"end":{"line":224,"column":1}},"line":208},"7":{"name":"(anonymous_7)","decl":{"start":{"line":210,"column":32},"end":{"line":210,"column":33}},"loc":{"start":{"line":210,"column":39},"end":{"line":210,"column":50}},"line":210},"8":{"name":"(anonymous_8)","decl":{"start":{"line":231,"column":2},"end":{"line":231,"column":3}},"loc":{"start":{"line":231,"column":28},"end":{"line":245,"column":3}},"line":231},"9":{"name":"(anonymous_9)","decl":{"start":{"line":249,"column":44},"end":{"line":249,"column":45}},"loc":{"start":{"line":249,"column":58},"end":{"line":251,"column":1}},"line":249},"10":{"name":"(anonymous_10)","decl":{"start":{"line":254,"column":35},"end":{"line":254,"column":36}},"loc":{"start":{"line":254,"column":49},"end":{"line":270,"column":1}},"line":254},"11":{"name":"(anonymous_11)","decl":{"start":{"line":256,"column":32},"end":{"line":256,"column":33}},"loc":{"start":{"line":256,"column":39},"end":{"line":256,"column":50}},"line":256},"12":{"name":"(anonymous_12)","decl":{"start":{"line":262,"column":40},"end":{"line":262,"column":41}},"loc":{"start":{"line":263,"column":4},"end":{"line":263,"column":36}},"line":263},"13":{"name":"(anonymous_13)","decl":{"start":{"line":273,"column":32},"end":{"line":273,"column":33}},"loc":{"start":{"line":273,"column":58},"end":{"line":327,"column":1}},"line":273},"14":{"name":"(anonymous_14)","decl":{"start":{"line":329,"column":43},"end":{"line":329,"column":44}},"loc":{"start":{"line":329,"column":69},"end":{"line":382,"column":1}},"line":329},"15":{"name":"(anonymous_15)","decl":{"start":{"line":388,"column":8},"end":{"line":388,"column":9}},"loc":{"start":{"line":388,"column":22},"end":{"line":392,"column":1}},"line":388},"16":{"name":"(anonymous_16)","decl":{"start":{"line":395,"column":8},"end":{"line":395,"column":9}},"loc":{"start":{"line":395,"column":33},"end":{"line":407,"column":1}},"line":395}},"branchMap":{"0":{"loc":{"start":{"line":66,"column":4},"end":{"line":70,"column":5}},"type":"if","locations":[{"start":{"line":66,"column":4},"end":{"line":70,"column":5}},{"start":{},"end":{}}],"line":66},"1":{"loc":{"start":{"line":111,"column":2},"end":{"line":118,"column":3}},"type":"if","locations":[{"start":{"line":111,"column":2},"end":{"line":118,"column":3}},{"start":{},"end":{}}],"line":111},"2":{"loc":{"start":{"line":111,"column":6},"end":{"line":111,"column":25}},"type":"binary-expr","locations":[{"start":{"line":111,"column":6},"end":{"line":111,"column":12}},{"start":{"line":111,"column":16},"end":{"line":111,"column":25}}],"line":111},"3":{"loc":{"start":{"line":125,"column":4},"end":{"line":132,"column":5}},"type":"if","locations":[{"start":{"line":125,"column":4},"end":{"line":132,"column":5}},{"start":{},"end":{}}],"line":125},"4":{"loc":{"start":{"line":137,"column":4},"end":{"line":144,"column":5}},"type":"if","locations":[{"start":{"line":137,"column":4},"end":{"line":144,"column":5}},{"start":{},"end":{}}],"line":137},"5":{"loc":{"start":{"line":157,"column":2},"end":{"line":161,"column":3}},"type":"if","locations":[{"start":{"line":157,"column":2},"end":{"line":161,"column":3}},{"start":{},"end":{}}],"line":157},"6":{"loc":{"start":{"line":157,"column":6},"end":{"line":157,"column":31}},"type":"binary-expr","locations":[{"start":{"line":157,"column":6},"end":{"line":157,"column":11}},{"start":{"line":157,"column":15},"end":{"line":157,"column":21}},{"start":{"line":157,"column":25},"end":{"line":157,"column":31}}],"line":157},"7":{"loc":{"start":{"line":176,"column":4},"end":{"line":180,"column":5}},"type":"if","locations":[{"start":{"line":176,"column":4},"end":{"line":180,"column":5}},{"start":{},"end":{}}],"line":176},"8":{"loc":{"start":{"line":191,"column":2},"end":{"line":193,"column":3}},"type":"if","locations":[{"start":{"line":191,"column":2},"end":{"line":193,"column":3}},{"start":{},"end":{}}],"line":191},"9":{"loc":{"start":{"line":195,"column":2},"end":{"line":199,"column":3}},"type":"if","locations":[{"start":{"line":195,"column":2},"end":{"line":199,"column":3}},{"start":{},"end":{}}],"line":195},"10":{"loc":{"start":{"line":195,"column":6},"end":{"line":195,"column":21}},"type":"binary-expr","locations":[{"start":{"line":195,"column":6},"end":{"line":195,"column":11}},{"start":{"line":195,"column":15},"end":{"line":195,"column":21}}],"line":195},"11":{"loc":{"start":{"line":212,"column":2},"end":{"line":216,"column":3}},"type":"if","locations":[{"start":{"line":212,"column":2},"end":{"line":216,"column":3}},{"start":{},"end":{}}],"line":212},"12":{"loc":{"start":{"line":219,"column":2},"end":{"line":219,"column":46}},"type":"if","locations":[{"start":{"line":219,"column":2},"end":{"line":219,"column":46}},{"start":{},"end":{}}],"line":219},"13":{"loc":{"start":{"line":220,"column":2},"end":{"line":220,"column":49}},"type":"if","locations":[{"start":{"line":220,"column":2},"end":{"line":220,"column":49}},{"start":{},"end":{}}],"line":220},"14":{"loc":{"start":{"line":221,"column":2},"end":{"line":221,"column":49}},"type":"if","locations":[{"start":{"line":221,"column":2},"end":{"line":221,"column":49}},{"start":{},"end":{}}],"line":221},"15":{"loc":{"start":{"line":236,"column":6},"end":{"line":240,"column":7}},"type":"if","locations":[{"start":{"line":236,"column":6},"end":{"line":240,"column":7}},{"start":{},"end":{}}],"line":236},"16":{"loc":{"start":{"line":258,"column":2},"end":{"line":260,"column":3}},"type":"if","locations":[{"start":{"line":258,"column":2},"end":{"line":260,"column":3}},{"start":{},"end":{}}],"line":258},"17":{"loc":{"start":{"line":276,"column":2},"end":{"line":283,"column":3}},"type":"if","locations":[{"start":{"line":276,"column":2},"end":{"line":283,"column":3}},{"start":{},"end":{}}],"line":276},"18":{"loc":{"start":{"line":276,"column":6},"end":{"line":276,"column":25}},"type":"binary-expr","locations":[{"start":{"line":276,"column":6},"end":{"line":276,"column":12}},{"start":{"line":276,"column":16},"end":{"line":276,"column":25}}],"line":276},"19":{"loc":{"start":{"line":291,"column":4},"end":{"line":298,"column":5}},"type":"if","locations":[{"start":{"line":291,"column":4},"end":{"line":298,"column":5}},{"start":{},"end":{}}],"line":291},"20":{"loc":{"start":{"line":316,"column":4},"end":{"line":323,"column":5}},"type":"if","locations":[{"start":{"line":316,"column":4},"end":{"line":323,"column":5}},{"start":{},"end":{}}],"line":316},"21":{"loc":{"start":{"line":342,"column":4},"end":{"line":347,"column":5}},"type":"if","locations":[{"start":{"line":342,"column":4},"end":{"line":347,"column":5}},{"start":{},"end":{}}],"line":342},"22":{"loc":{"start":{"line":349,"column":4},"end":{"line":354,"column":5}},"type":"if","locations":[{"start":{"line":349,"column":4},"end":{"line":354,"column":5}},{"start":{},"end":{}}],"line":349},"23":{"loc":{"start":{"line":370,"column":4},"end":{"line":377,"column":5}},"type":"if","locations":[{"start":{"line":370,"column":4},"end":{"line":377,"column":5}},{"start":{},"end":{}}],"line":370},"24":{"loc":{"start":{"line":397,"column":21},"end":{"line":397,"column":56}},"type":"binary-expr","locations":[{"start":{"line":397,"column":21},"end":{"line":397,"column":31}},{"start":{"line":397,"column":35},"end":{"line":397,"column":49}},{"start":{"line":397,"column":53},"end":{"line":397,"column":56}}],"line":397},"25":{"loc":{"start":{"line":400,"column":12},"end":{"line":400,"column":78}},"type":"cond-expr","locations":[{"start":{"line":400,"column":33},"end":{"line":400,"column":56}},{"start":{"line":400,"column":59},"end":{"line":400,"column":78}}],"line":400},"26":{"loc":{"start":{"line":400,"column":59},"end":{"line":400,"column":78}},"type":"binary-expr","locations":[{"start":{"line":400,"column":59},"end":{"line":400,"column":67}},{"start":{"line":400,"column":71},"end":{"line":400,"column":78}}],"line":400},"27":{"loc":{"start":{"line":402,"column":8},"end":{"line":404,"column":23}},"type":"cond-expr","locations":[{"start":{"line":403,"column":12},"end":{"line":403,"column":49}},{"start":{"line":404,"column":12},"end":{"line":404,"column":23}}],"line":402}},"s":{"0":2,"1":2,"2":2,"3":2,"4":2,"5":2,"6":2,"7":2,"8":2,"9":2,"10":2,"11":2,"12":2,"13":2,"14":2,"15":2,"16":2,"17":2,"18":2,"19":2,"20":2,"21":2,"22":0,"23":0,"24":0,"25":0,"26":0,"27":0,"28":0,"29":0,"30":0,"31":0,"32":0,"33":0,"34":0,"35":0,"36":0,"37":0,"38":2,"39":0,"40":0,"41":0,"42":0,"43":2,"44":5,"45":5,"46":0,"47":5,"48":5,"49":4,"50":2,"51":2,"52":2,"53":2,"54":0,"55":2,"56":2,"57":1,"58":2,"59":0,"60":0,"61":0,"62":0,"63":0,"64":0,"65":0,"66":0,"67":0,"68":0,"69":2,"70":0,"71":0,"72":0,"73":0,"74":0,"75":0,"76":0,"77":0,"78":0,"79":0,"80":0,"81":2,"82":0,"83":0,"84":0,"85":0,"86":0,"87":0,"88":0,"89":0,"90":0,"91":0,"92":0,"93":0,"94":0,"95":2,"96":0,"97":0,"98":0,"99":0,"100":0,"101":0,"102":2,"103":1,"104":2,"105":0,"106":0,"107":0,"108":0,"109":0,"110":0,"111":0,"112":0,"113":2,"114":5,"115":5,"116":1,"117":4,"118":4,"119":4,"120":1,"121":3,"122":3,"123":3,"124":0,"125":0,"126":0,"127":2,"128":0,"129":0,"130":0,"131":0,"132":0,"133":0,"134":0,"135":0,"136":0,"137":0,"138":0,"139":0,"140":0,"141":0,"142":0,"143":0,"144":0,"145":0,"146":0,"147":0,"148":0,"149":2,"150":2,"151":2,"152":0,"153":2,"154":1,"155":1,"156":1,"157":2},"f":{"0":0,"1":0,"2":5,"3":0,"4":0,"5":0,"6":0,"7":0,"8":0,"9":1,"10":0,"11":0,"12":0,"13":5,"14":0,"15":0,"16":1},"b":{"0":[0,0],"1":[0,5],"2":[5,5],"3":[2,2],"4":[0,2],"5":[0,0],"6":[0,0,0],"7":[0,0],"8":[0,0],"9":[0,0],"10":[0,0],"11":[0,0],"12":[0,0],"13":[0,0],"14":[0,0],"15":[0,0],"16":[0,0],"17":[1,4],"18":[5,5],"19":[1,3],"20":[0,0],"21":[0,0],"22":[0,0],"23":[0,0],"24":[1,1,1],"25":[1,0],"26":[0,0],"27":[1,0]},"_coverageSchema":"1a1c01bbd47fc00a2c39e90264f33305004495a9","hash":"2d714c2adc56303b0af3bed4fe325d5ac2d82c90"}
,"D:\\67160411\\student-api\\auth-helpers.js": {"path":"D:\\67160411\\student-api\\auth-helpers.js","statementMap":{"0":{"start":{"line":1,"column":15},"end":{"line":1,"column":32}},"1":{"start":{"line":2,"column":12},"end":{"line":2,"column":35}},"2":{"start":{"line":4,"column":20},"end":{"line":4,"column":22}},"3":{"start":{"line":7,"column":2},"end":{"line":7,"column":55}},"4":{"start":{"line":11,"column":2},"end":{"line":11,"column":61}},"5":{"start":{"line":15,"column":2},"end":{"line":19,"column":4}},"6":{"start":{"line":22,"column":0},"end":{"line":22,"column":65}}},"fnMap":{"0":{"name":"hashPassword","decl":{"start":{"line":6,"column":15},"end":{"line":6,"column":27}},"loc":{"start":{"line":6,"column":43},"end":{"line":8,"column":1}},"line":6},"1":{"name":"verifyPassword","decl":{"start":{"line":10,"column":15},"end":{"line":10,"column":29}},"loc":{"start":{"line":10,"column":61},"end":{"line":12,"column":1}},"line":10},"2":{"name":"generateToken","decl":{"start":{"line":14,"column":9},"end":{"line":14,"column":22}},"loc":{"start":{"line":14,"column":29},"end":{"line":20,"column":1}},"line":14}},"branchMap":{"0":{"loc":{"start":{"line":17,"column":4},"end":{"line":17,"column":47}},"type":"binary-expr","locations":[{"start":{"line":17,"column":4},"end":{"line":17,"column":26}},{"start":{"line":17,"column":30},"end":{"line":17,"column":47}}],"line":17},"1":{"loc":{"start":{"line":18,"column":17},"end":{"line":18,"column":51}},"type":"binary-expr","locations":[{"start":{"line":18,"column":17},"end":{"line":18,"column":43}},{"start":{"line":18,"column":47},"end":{"line":18,"column":51}}],"line":18}},"s":{"0":3,"1":3,"2":3,"3":7,"4":4,"5":3,"6":3},"f":{"0":7,"1":4,"2":3},"b":{"0":[3,0],"1":[3,0]},"_coverageSchema":"1a1c01bbd47fc00a2c39e90264f33305004495a9","hash":"91108f5fc196b7404c69c7589e5497c4b3156c9f"}
,"D:\\67160411\\student-api\\cache.js": {"path":"D:\\67160411\\student-api\\cache.js","statementMap":{"0":{"start":{"line":1,"column":25},"end":{"line":1,"column":41}},"1":{"start":{"line":3,"column":20},"end":{"line":3,"column":64}},"2":{"start":{"line":5,"column":0},"end":{"line":5,"column":75}},"3":{"start":{"line":5,"column":33},"end":{"line":5,"column":73}},"4":{"start":{"line":8,"column":2},"end":{"line":8,"column":30}},"5":{"start":{"line":9,"column":2},"end":{"line":9,"column":40}},"6":{"start":{"line":12,"column":0},"end":{"line":12,"column":47}}},"fnMap":{"0":{"name":"(anonymous_0)","decl":{"start":{"line":5,"column":24},"end":{"line":5,"column":25}},"loc":{"start":{"line":5,"column":33},"end":{"line":5,"column":73}},"line":5},"1":{"name":"connectRedis","decl":{"start":{"line":7,"column":15},"end":{"line":7,"column":27}},"loc":{"start":{"line":7,"column":30},"end":{"line":10,"column":1}},"line":7}},"branchMap":{},"s":{"0":2,"1":2,"2":2,"3":0,"4":0,"5":0,"6":2},"f":{"0":0,"1":0},"b":{},"_coverageSchema":"1a1c01bbd47fc00a2c39e90264f33305004495a9","hash":"ad407cfa35c774c8ef944c9d82f6de59604d1a22"}
,"D:\\67160411\\student-api\\db.js": {"path":"D:\\67160411\\student-api\\db.js","statementMap":{"0":{"start":{"line":1,"column":14},"end":{"line":1,"column":39}},"1":{"start":{"line":3,"column":13},"end":{"line":12,"column":2}},"2":{"start":{"line":14,"column":0},"end":{"line":14,"column":22}}},"fnMap":{},"branchMap":{},"s":{"0":2,"1":2,"2":2},"f":{},"b":{},"_coverageSchema":"1a1c01bbd47fc00a2c39e90264f33305004495a9","hash":"b73bc16b79f6bfda6db6b4b64aee7cafbeada846"}
,"D:\\67160411\\student-api\\resolvers.js": {"path":"D:\\67160411\\student-api\\resolvers.js","statementMap":{"0":{"start":{"line":1,"column":15},"end":{"line":18,"column":1}},"1":{"start":{"line":20,"column":14},"end":{"line":23,"column":1}},"2":{"start":{"line":25,"column":20},"end":{"line":25,"column":21}},"3":{"start":{"line":28,"column":2},"end":{"line":31,"column":4}},"4":{"start":{"line":30,"column":35},"end":{"line":30,"column":67}},"5":{"start":{"line":34,"column":13},"end":{"line":121,"column":1}},"6":{"start":{"line":37,"column":20},"end":{"line":37,"column":61}},"7":{"start":{"line":37,"column":41},"end":{"line":37,"column":60}},"8":{"start":{"line":38,"column":4},"end":{"line":38,"column":52}},"9":{"start":{"line":42,"column":17},"end":{"line":42,"column":25}},"10":{"start":{"line":44,"column":4},"end":{"line":46,"column":5}},"11":{"start":{"line":45,"column":6},"end":{"line":45,"column":55}},"12":{"start":{"line":45,"column":36},"end":{"line":45,"column":53}},"13":{"start":{"line":48,"column":4},"end":{"line":50,"column":5}},"14":{"start":{"line":49,"column":6},"end":{"line":49,"column":72}},"15":{"start":{"line":49,"column":42},"end":{"line":49,"column":70}},"16":{"start":{"line":52,"column":4},"end":{"line":52,"column":38}},"17":{"start":{"line":55,"column":22},"end":{"line":55,"column":37}},"18":{"start":{"line":57,"column":22},"end":{"line":57,"column":70}},"19":{"start":{"line":57,"column":42},"end":{"line":57,"column":61}},"20":{"start":{"line":60,"column":4},"end":{"line":62,"column":5}},"21":{"start":{"line":61,"column":6},"end":{"line":61,"column":21}},"22":{"start":{"line":63,"column":4},"end":{"line":63,"column":56}},"23":{"start":{"line":63,"column":33},"end":{"line":63,"column":54}},"24":{"start":{"line":67,"column":25},"end":{"line":67,"column":46}},"25":{"start":{"line":68,"column":4},"end":{"line":74,"column":27}},"26":{"start":{"line":71,"column":10},"end":{"line":72,"column":54}},"27":{"start":{"line":79,"column":23},"end":{"line":86,"column":5}},"28":{"start":{"line":87,"column":4},"end":{"line":87,"column":30}},"29":{"start":{"line":88,"column":4},"end":{"line":88,"column":38}},"30":{"start":{"line":93,"column":20},"end":{"line":93,"column":61}},"31":{"start":{"line":93,"column":41},"end":{"line":93,"column":60}},"32":{"start":{"line":95,"column":4},"end":{"line":97,"column":5}},"33":{"start":{"line":96,"column":6},"end":{"line":96,"column":18}},"34":{"start":{"line":99,"column":4},"end":{"line":99,"column":60}},"35":{"start":{"line":99,"column":34},"end":{"line":99,"column":60}},"36":{"start":{"line":100,"column":4},"end":{"line":100,"column":63}},"37":{"start":{"line":100,"column":35},"end":{"line":100,"column":63}},"38":{"start":{"line":101,"column":4},"end":{"line":101,"column":63}},"39":{"start":{"line":101,"column":35},"end":{"line":101,"column":63}},"40":{"start":{"line":102,"column":4},"end":{"line":102,"column":63}},"41":{"start":{"line":102,"column":35},"end":{"line":102,"column":63}},"42":{"start":{"line":103,"column":4},"end":{"line":105,"column":5}},"43":{"start":{"line":104,"column":6},"end":{"line":104,"column":54}},"44":{"start":{"line":107,"column":4},"end":{"line":107,"column":35}},"45":{"start":{"line":112,"column":18},"end":{"line":112,"column":64}},"46":{"start":{"line":112,"column":44},"end":{"line":112,"column":63}},"47":{"start":{"line":114,"column":4},"end":{"line":116,"column":5}},"48":{"start":{"line":115,"column":6},"end":{"line":115,"column":76}},"49":{"start":{"line":118,"column":4},"end":{"line":118,"column":30}},"50":{"start":{"line":119,"column":4},"end":{"line":119,"column":64}},"51":{"start":{"line":123,"column":0},"end":{"line":123,"column":22}}},"fnMap":{"0":{"name":"resolveStudent","decl":{"start":{"line":27,"column":9},"end":{"line":27,"column":23}},"loc":{"start":{"line":27,"column":33},"end":{"line":32,"column":1}},"line":27},"1":{"name":"(anonymous_1)","decl":{"start":{"line":30,"column":28},"end":{"line":30,"column":29}},"loc":{"start":{"line":30,"column":35},"end":{"line":30,"column":67}},"line":30},"2":{"name":"(anonymous_2)","decl":{"start":{"line":36,"column":11},"end":{"line":36,"column":12}},"loc":{"start":{"line":36,"column":23},"end":{"line":39,"column":3}},"line":36},"3":{"name":"(anonymous_3)","decl":{"start":{"line":37,"column":34},"end":{"line":37,"column":35}},"loc":{"start":{"line":37,"column":41},"end":{"line":37,"column":60}},"line":37},"4":{"name":"(anonymous_4)","decl":{"start":{"line":41,"column":12},"end":{"line":41,"column":13}},"loc":{"start":{"line":41,"column":35},"end":{"line":53,"column":3}},"line":41},"5":{"name":"(anonymous_5)","decl":{"start":{"line":45,"column":29},"end":{"line":45,"column":30}},"loc":{"start":{"line":45,"column":36},"end":{"line":45,"column":53}},"line":45},"6":{"name":"(anonymous_6)","decl":{"start":{"line":49,"column":32},"end":{"line":49,"column":33}},"loc":{"start":{"line":49,"column":42},"end":{"line":49,"column":70}},"line":49},"7":{"name":"(anonymous_7)","decl":{"start":{"line":55,"column":16},"end":{"line":55,"column":17}},"loc":{"start":{"line":55,"column":22},"end":{"line":55,"column":37}},"line":55},"8":{"name":"(anonymous_8)","decl":{"start":{"line":57,"column":10},"end":{"line":57,"column":11}},"loc":{"start":{"line":57,"column":22},"end":{"line":57,"column":70}},"line":57},"9":{"name":"(anonymous_9)","decl":{"start":{"line":57,"column":35},"end":{"line":57,"column":36}},"loc":{"start":{"line":57,"column":42},"end":{"line":57,"column":61}},"line":57},"10":{"name":"(anonymous_10)","decl":{"start":{"line":59,"column":11},"end":{"line":59,"column":12}},"loc":{"start":{"line":59,"column":30},"end":{"line":64,"column":3}},"line":59},"11":{"name":"(anonymous_11)","decl":{"start":{"line":63,"column":26},"end":{"line":63,"column":27}},"loc":{"start":{"line":63,"column":33},"end":{"line":63,"column":54}},"line":63},"12":{"name":"(anonymous_12)","decl":{"start":{"line":66,"column":18},"end":{"line":66,"column":19}},"loc":{"start":{"line":66,"column":35},"end":{"line":75,"column":3}},"line":66},"13":{"name":"(anonymous_13)","decl":{"start":{"line":70,"column":8},"end":{"line":70,"column":9}},"loc":{"start":{"line":71,"column":10},"end":{"line":72,"column":54}},"line":71},"14":{"name":"(anonymous_14)","decl":{"start":{"line":78,"column":17},"end":{"line":78,"column":18}},"loc":{"start":{"line":78,"column":32},"end":{"line":89,"column":3}},"line":78},"15":{"name":"(anonymous_15)","decl":{"start":{"line":92,"column":17},"end":{"line":92,"column":18}},"loc":{"start":{"line":92,"column":36},"end":{"line":108,"column":3}},"line":92},"16":{"name":"(anonymous_16)","decl":{"start":{"line":93,"column":34},"end":{"line":93,"column":35}},"loc":{"start":{"line":93,"column":41},"end":{"line":93,"column":60}},"line":93},"17":{"name":"(anonymous_17)","decl":{"start":{"line":111,"column":17},"end":{"line":111,"column":18}},"loc":{"start":{"line":111,"column":29},"end":{"line":120,"column":3}},"line":111},"18":{"name":"(anonymous_18)","decl":{"start":{"line":112,"column":37},"end":{"line":112,"column":38}},"loc":{"start":{"line":112,"column":44},"end":{"line":112,"column":63}},"line":112}},"branchMap":{"0":{"loc":{"start":{"line":38,"column":11},"end":{"line":38,"column":51}},"type":"cond-expr","locations":[{"start":{"line":38,"column":21},"end":{"line":38,"column":44}},{"start":{"line":38,"column":47},"end":{"line":38,"column":51}}],"line":38},"1":{"loc":{"start":{"line":44,"column":4},"end":{"line":46,"column":5}},"type":"if","locations":[{"start":{"line":44,"column":4},"end":{"line":46,"column":5}},{"start":{},"end":{}}],"line":44},"2":{"loc":{"start":{"line":48,"column":4},"end":{"line":50,"column":5}},"type":"if","locations":[{"start":{"line":48,"column":4},"end":{"line":50,"column":5}},{"start":{},"end":{}}],"line":48},"3":{"loc":{"start":{"line":57,"column":22},"end":{"line":57,"column":70}},"type":"binary-expr","locations":[{"start":{"line":57,"column":22},"end":{"line":57,"column":62}},{"start":{"line":57,"column":66},"end":{"line":57,"column":70}}],"line":57},"4":{"loc":{"start":{"line":60,"column":4},"end":{"line":62,"column":5}},"type":"if","locations":[{"start":{"line":60,"column":4},"end":{"line":62,"column":5}},{"start":{},"end":{}}],"line":60},"5":{"loc":{"start":{"line":60,"column":8},"end":{"line":60,"column":53}},"type":"binary-expr","locations":[{"start":{"line":60,"column":8},"end":{"line":60,"column":31}},{"start":{"line":60,"column":35},"end":{"line":60,"column":53}}],"line":60},"6":{"loc":{"start":{"line":71,"column":10},"end":{"line":72,"column":54}},"type":"binary-expr","locations":[{"start":{"line":71,"column":10},"end":{"line":71,"column":53}},{"start":{"line":72,"column":10},"end":{"line":72,"column":54}}],"line":71},"7":{"loc":{"start":{"line":85,"column":18},"end":{"line":85,"column":39}},"type":"binary-expr","locations":[{"start":{"line":85,"column":18},"end":{"line":85,"column":33}},{"start":{"line":85,"column":37},"end":{"line":85,"column":39}}],"line":85},"8":{"loc":{"start":{"line":95,"column":4},"end":{"line":97,"column":5}},"type":"if","locations":[{"start":{"line":95,"column":4},"end":{"line":97,"column":5}},{"start":{},"end":{}}],"line":95},"9":{"loc":{"start":{"line":99,"column":4},"end":{"line":99,"column":60}},"type":"if","locations":[{"start":{"line":99,"column":4},"end":{"line":99,"column":60}},{"start":{},"end":{}}],"line":99},"10":{"loc":{"start":{"line":100,"column":4},"end":{"line":100,"column":63}},"type":"if","locations":[{"start":{"line":100,"column":4},"end":{"line":100,"column":63}},{"start":{},"end":{}}],"line":100},"11":{"loc":{"start":{"line":101,"column":4},"end":{"line":101,"column":63}},"type":"if","locations":[{"start":{"line":101,"column":4},"end":{"line":101,"column":63}},{"start":{},"end":{}}],"line":101},"12":{"loc":{"start":{"line":102,"column":4},"end":{"line":102,"column":63}},"type":"if","locations":[{"start":{"line":102,"column":4},"end":{"line":102,"column":63}},{"start":{},"end":{}}],"line":102},"13":{"loc":{"start":{"line":103,"column":4},"end":{"line":105,"column":5}},"type":"if","locations":[{"start":{"line":103,"column":4},"end":{"line":105,"column":5}},{"start":{},"end":{}}],"line":103},"14":{"loc":{"start":{"line":114,"column":4},"end":{"line":116,"column":5}},"type":"if","locations":[{"start":{"line":114,"column":4},"end":{"line":116,"column":5}},{"start":{},"end":{}}],"line":114}},"s":{"0":2,"1":2,"2":2,"3":0,"4":0,"5":2,"6":0,"7":0,"8":0,"9":0,"10":0,"11":0,"12":0,"13":0,"14":0,"15":0,"16":0,"17":0,"18":0,"19":0,"20":0,"21":0,"22":0,"23":0,"24":0,"25":0,"26":0,"27":0,"28":0,"29":0,"30":0,"31":0,"32":0,"33":0,"34":0,"35":0,"36":0,"37":0,"38":0,"39":0,"40":0,"41":0,"42":0,"43":0,"44":0,"45":0,"46":0,"47":0,"48":0,"49":0,"50":0,"51":2},"f":{"0":0,"1":0,"2":0,"3":0,"4":0,"5":0,"6":0,"7":0,"8":0,"9":0,"10":0,"11":0,"12":0,"13":0,"14":0,"15":0,"16":0,"17":0,"18":0},"b":{"0":[0,0],"1":[0,0],"2":[0,0],"3":[0,0],"4":[0,0],"5":[0,0],"6":[0,0],"7":[0,0],"8":[0,0],"9":[0,0],"10":[0,0],"11":[0,0],"12":[0,0],"13":[0,0],"14":[0,0]},"_coverageSchema":"1a1c01bbd47fc00a2c39e90264f33305004495a9","hash":"2aec8f050348b12530bf66868a4f99250cee8831"}
,"D:\\67160411\\student-api\\schema.js": {"path":"D:\\67160411\\student-api\\schema.js","statementMap":{"0":{"start":{"line":1,"column":24},"end":{"line":1,"column":42}},"1":{"start":{"line":3,"column":15},"end":{"line":54,"column":2}},"2":{"start":{"line":56,"column":0},"end":{"line":56,"column":24}}},"fnMap":{},"branchMap":{},"s":{"0":2,"1":2,"2":2},"f":{},"b":{},"_coverageSchema":"1a1c01bbd47fc00a2c39e90264f33305004495a9","hash":"f4216fa80e718eab5ce409e22ec4badb7c3cfe0c"}
,"D:\\67160411\\student-api\\middlewares\\auth.js": {"path":"D:\\67160411\\student-api\\middlewares\\auth.js","statementMap":{"0":{"start":{"line":1,"column":12},"end":{"line":1,"column":35}},"1":{"start":{"line":4,"column":21},"end":{"line":4,"column":49}},"2":{"start":{"line":5,"column":16},"end":{"line":5,"column":54}},"3":{"start":{"line":7,"column":2},"end":{"line":11,"column":3}},"4":{"start":{"line":8,"column":4},"end":{"line":10,"column":7}},"5":{"start":{"line":13,"column":2},"end":{"line":20,"column":3}},"6":{"start":{"line":14,"column":4},"end":{"line":14,"column":57}},"7":{"start":{"line":15,"column":4},"end":{"line":15,"column":11}},"8":{"start":{"line":17,"column":4},"end":{"line":19,"column":7}},"9":{"start":{"line":24,"column":2},"end":{"line":40,"column":4}},"10":{"start":{"line":25,"column":4},"end":{"line":29,"column":5}},"11":{"start":{"line":26,"column":6},"end":{"line":28,"column":9}},"12":{"start":{"line":31,"column":4},"end":{"line":38,"column":5}},"13":{"start":{"line":32,"column":6},"end":{"line":37,"column":9}},"14":{"start":{"line":39,"column":4},"end":{"line":39,"column":11}},"15":{"start":{"line":43,"column":0},"end":{"line":43,"column":54}}},"fnMap":{"0":{"name":"authenticateToken","decl":{"start":{"line":3,"column":9},"end":{"line":3,"column":26}},"loc":{"start":{"line":3,"column":43},"end":{"line":21,"column":1}},"line":3},"1":{"name":"authorizeRole","decl":{"start":{"line":23,"column":9},"end":{"line":23,"column":22}},"loc":{"start":{"line":23,"column":40},"end":{"line":41,"column":1}},"line":23},"2":{"name":"(anonymous_2)","decl":{"start":{"line":24,"column":9},"end":{"line":24,"column":10}},"loc":{"start":{"line":24,"column":29},"end":{"line":40,"column":3}},"line":24}},"branchMap":{"0":{"loc":{"start":{"line":5,"column":16},"end":{"line":5,"column":54}},"type":"binary-expr","locations":[{"start":{"line":5,"column":16},"end":{"line":5,"column":26}},{"start":{"line":5,"column":30},"end":{"line":5,"column":54}}],"line":5},"1":{"loc":{"start":{"line":7,"column":2},"end":{"line":11,"column":3}},"type":"if","locations":[{"start":{"line":7,"column":2},"end":{"line":11,"column":3}},{"start":{},"end":{}}],"line":7},"2":{"loc":{"start":{"line":25,"column":4},"end":{"line":29,"column":5}},"type":"if","locations":[{"start":{"line":25,"column":4},"end":{"line":29,"column":5}},{"start":{},"end":{}}],"line":25},"3":{"loc":{"start":{"line":31,"column":4},"end":{"line":38,"column":5}},"type":"if","locations":[{"start":{"line":31,"column":4},"end":{"line":38,"column":5}},{"start":{},"end":{}}],"line":31}},"s":{"0":2,"1":2,"2":2,"3":2,"4":1,"5":1,"6":1,"7":1,"8":0,"9":2,"10":0,"11":0,"12":0,"13":0,"14":0,"15":2},"f":{"0":2,"1":2,"2":0},"b":{"0":[2,1],"1":[1,1],"2":[0,0],"3":[0,0]},"_coverageSchema":"1a1c01bbd47fc00a2c39e90264f33305004495a9","hash":"764d46342e8942a0165d3957b3119c8246f4c556"}
,"D:\\67160411\\student-api\\middlewares\\query-parser.js": {"path":"D:\\67160411\\student-api\\middlewares\\query-parser.js","statementMap":{"0":{"start":{"line":2,"column":2},"end":{"line":5,"column":4}},"1":{"start":{"line":6,"column":2},"end":{"line":6,"column":75}},"2":{"start":{"line":7,"column":2},"end":{"line":7,"column":9}},"3":{"start":{"line":12,"column":28},"end":{"line":12,"column":65}},"4":{"start":{"line":15,"column":2},"end":{"line":18,"column":4}},"5":{"start":{"line":19,"column":2},"end":{"line":19,"column":9}},"6":{"start":{"line":22,"column":0},"end":{"line":22,"column":48}}},"fnMap":{"0":{"name":"parsePagination","decl":{"start":{"line":1,"column":9},"end":{"line":1,"column":24}},"loc":{"start":{"line":1,"column":41},"end":{"line":8,"column":1}},"line":1},"1":{"name":"parseSort","decl":{"start":{"line":14,"column":9},"end":{"line":14,"column":18}},"loc":{"start":{"line":14,"column":35},"end":{"line":20,"column":1}},"line":14}},"branchMap":{"0":{"loc":{"start":{"line":3,"column":22},"end":{"line":3,"column":51}},"type":"binary-expr","locations":[{"start":{"line":3,"column":22},"end":{"line":3,"column":46}},{"start":{"line":3,"column":50},"end":{"line":3,"column":51}}],"line":3},"1":{"loc":{"start":{"line":4,"column":25},"end":{"line":4,"column":56}},"type":"binary-expr","locations":[{"start":{"line":4,"column":25},"end":{"line":4,"column":50}},{"start":{"line":4,"column":54},"end":{"line":4,"column":56}}],"line":4},"2":{"loc":{"start":{"line":16,"column":11},"end":{"line":16,"column":79}},"type":"cond-expr","locations":[{"start":{"line":16,"column":58},"end":{"line":16,"column":72}},{"start":{"line":16,"column":75},"end":{"line":16,"column":79}}],"line":16},"3":{"loc":{"start":{"line":17,"column":11},"end":{"line":17,"column":54}},"type":"cond-expr","locations":[{"start":{"line":17,"column":40},"end":{"line":17,"column":46}},{"start":{"line":17,"column":49},"end":{"line":17,"column":54}}],"line":17}},"s":{"0":0,"1":0,"2":0,"3":2,"4":0,"5":0,"6":2},"f":{"0":0,"1":0},"b":{"0":[0,0],"1":[0,0],"2":[0,0],"3":[0,0]},"_coverageSchema":"1a1c01bbd47fc00a2c39e90264f33305004495a9","hash":"eb3d90d11342692a4bf3c84e1fd977928e0544af"}
}
