TN:
SF:app.js
FN:71,(anonymous_0)
FN:117,(anonymous_1)
FN:135,(anonymous_2)
FN:197,(anonymous_3)
FN:253,(anonymous_4)
FN:319,(anonymous_5)
FN:381,(anonymous_6)
FN:414,(anonymous_7)
FN:426,(anonymous_8)
FN:478,(anonymous_9)
FN:556,(anonymous_10)
FN:665,(anonymous_11)
FN:679,(anonymous_12)
FNF:13
FNH:11
FNDA:3,(anonymous_0)
FNDA:4,(anonymous_1)
FNDA:8,(anonymous_2)
FNDA:4,(anonymous_3)
FNDA:5,(anonymous_4)
FNDA:6,(anonymous_5)
FNDA:0,(anonymous_6)
FNDA:1,(anonymous_7)
FNDA:3,(anonymous_8)
FNDA:8,(anonymous_9)
FNDA:0,(anonymous_10)
FNDA:1,(anonymous_11)
FNDA:10,(anonymous_12)
DA:1,3
DA:4,3
DA:6,3
DA:8,3
DA:10,3
DA:13,3
DA:14,3
DA:15,3
DA:17,3
DA:24,3
DA:27,3
DA:29,3
DA:31,3
DA:33,3
DA:35,3
DA:36,3
DA:40,3
DA:42,3
DA:48,3
DA:49,3
DA:52,3
DA:67,3
DA:72,3
DA:73,3
DA:74,3
DA:76,3
DA:77,3
DA:79,3
DA:82,3
DA:83,1
DA:84,1
DA:85,1
DA:88,3
DA:92,3
DA:93,3
DA:94,2
DA:96,2
DA:107,1
DA:117,3
DA:118,4
DA:119,4
DA:121,1
DA:126,3
DA:135,3
DA:137,8
DA:141,8
DA:142,0
DA:150,8
DA:152,8
DA:157,7
DA:158,3
DA:168,4
DA:169,4
DA:172,4
DA:173,1
DA:182,3
DA:183,3
DA:188,1
DA:197,3
DA:198,4
DA:202,4
DA:203,1
DA:211,3
DA:212,3
DA:220,1
DA:223,1
DA:234,2
DA:236,1
DA:244,1
DA:253,3
DA:254,5
DA:255,5
DA:257,5
DA:259,5
DA:263,4
DA:266,4
DA:267,1
DA:273,3
DA:274,1
DA:283,2
DA:291,2
DA:292,1
DA:301,1
DA:305,1
DA:310,1
DA:319,3
DA:321,6
DA:322,6
DA:325,6
DA:326,6
DA:333,5
DA:334,1
DA:343,4
DA:344,4
DA:345,2
DA:347,4
DA:348,2
DA:350,4
DA:351,2
DA:355,4
DA:363,4
DA:368,1
DA:377,3
DA:383,0
DA:384,0
DA:390,0
DA:391,0
DA:400,0
DA:404,0
DA:414,3
DA:415,1
DA:426,3
DA:427,3
DA:430,3
DA:431,3
DA:438,3
DA:439,1
DA:445,2
DA:451,2
DA:461,1
DA:469,1
DA:478,3
DA:480,8
DA:484,8
DA:485,2
DA:494,6
DA:495,6
DA:502,5
DA:503,2
DA:512,3
DA:519,3
DA:527,3
DA:537,1
DA:539,0
DA:547,1
DA:556,3
DA:558,0
DA:560,0
DA:565,0
DA:566,0
DA:567,0
DA:570,0
DA:580,0
DA:581,0
DA:582,0
DA:592,0
DA:593,0
DA:594,0
DA:603,0
DA:611,0
DA:620,0
DA:623,0
DA:628,0
DA:630,0
DA:635,0
DA:636,0
DA:644,0
DA:646,0
DA:647,0
DA:657,3
DA:658,3
DA:665,3
DA:666,1
DA:679,3
DA:680,10
DA:682,10
DA:683,10
DA:695,3
LF:168
LH:137
BRDA:82,0,0,1
BRDA:82,0,1,2
BRDA:141,1,0,0
BRDA:141,1,1,8
BRDA:141,2,0,8
BRDA:141,2,1,8
BRDA:157,3,0,3
BRDA:157,3,1,4
BRDA:172,4,0,1
BRDA:172,4,1,3
BRDA:202,5,0,1
BRDA:202,5,1,3
BRDA:202,6,0,4
BRDA:202,6,1,4
BRDA:202,6,2,3
BRDA:234,7,0,1
BRDA:234,7,1,1
BRDA:266,8,0,1
BRDA:266,8,1,3
BRDA:273,9,0,1
BRDA:273,9,1,2
BRDA:273,10,0,3
BRDA:273,10,1,3
BRDA:291,11,0,1
BRDA:291,11,1,1
BRDA:333,12,0,1
BRDA:333,12,1,4
BRDA:344,13,0,2
BRDA:344,13,1,2
BRDA:347,14,0,2
BRDA:347,14,1,2
BRDA:350,15,0,2
BRDA:350,15,1,2
BRDA:390,16,0,0
BRDA:390,16,1,0
BRDA:438,17,0,1
BRDA:438,17,1,2
BRDA:484,18,0,2
BRDA:484,18,1,6
BRDA:484,19,0,8
BRDA:484,19,1,7
BRDA:502,20,0,2
BRDA:502,20,1,3
BRDA:537,21,0,0
BRDA:537,21,1,1
BRDA:580,22,0,0
BRDA:580,22,1,0
BRDA:592,23,0,0
BRDA:592,23,1,0
BRDA:628,24,0,0
BRDA:628,24,1,0
BRDA:635,25,0,0
BRDA:635,25,1,0
BRDA:646,26,0,0
BRDA:646,26,1,0
BRDA:682,27,0,10
BRDA:682,27,1,9
BRDA:682,27,2,8
BRDA:685,28,0,8
BRDA:685,28,1,2
BRDA:685,29,0,2
BRDA:685,29,1,0
BRDA:688,30,0,8
BRDA:688,30,1,2
BRF:64
BRH:49
end_of_record
TN:
SF:auth-helpers.js
FN:6,hashPassword
FN:10,verifyPassword
FN:14,generateToken
FNF:3
FNH:3
FNDA:8,hashPassword
FNDA:6,verifyPassword
FNDA:4,generateToken
DA:1,4
DA:2,4
DA:4,4
DA:7,8
DA:11,6
DA:15,4
DA:22,4
LF:7
LH:7
BRDA:17,0,0,4
BRDA:17,0,1,0
BRDA:18,1,0,4
BRDA:18,1,1,0
BRF:4
BRH:2
end_of_record
TN:
SF:cache.js
FN:5,(anonymous_0)
FN:7,connectRedis
FNF:2
FNH:0
FNDA:0,(anonymous_0)
FNDA:0,connectRedis
DA:1,2
DA:3,2
DA:5,2
DA:8,0
DA:9,0
DA:12,2
LF:6
LH:4
BRF:0
BRH:0
end_of_record
TN:
SF:db.js
FNF:0
FNH:0
DA:1,2
DA:3,2
DA:14,2
LF:3
LH:3
BRF:0
BRH:0
end_of_record
TN:
SF:resolvers.js
FN:27,resolveStudent
FN:30,(anonymous_1)
FN:36,(anonymous_2)
FN:37,(anonymous_3)
FN:41,(anonymous_4)
FN:45,(anonymous_5)
FN:49,(anonymous_6)
FN:55,(anonymous_7)
FN:57,(anonymous_8)
FN:57,(anonymous_9)
FN:59,(anonymous_10)
FN:63,(anonymous_11)
FN:66,(anonymous_12)
FN:70,(anonymous_13)
FN:78,(anonymous_14)
FN:92,(anonymous_15)
FN:93,(anonymous_16)
FN:111,(anonymous_17)
FN:112,(anonymous_18)
FNF:19
FNH:0
FNDA:0,resolveStudent
FNDA:0,(anonymous_1)
FNDA:0,(anonymous_2)
FNDA:0,(anonymous_3)
FNDA:0,(anonymous_4)
FNDA:0,(anonymous_5)
FNDA:0,(anonymous_6)
FNDA:0,(anonymous_7)
FNDA:0,(anonymous_8)
FNDA:0,(anonymous_9)
FNDA:0,(anonymous_10)
FNDA:0,(anonymous_11)
FNDA:0,(anonymous_12)
FNDA:0,(anonymous_13)
FNDA:0,(anonymous_14)
FNDA:0,(anonymous_15)
FNDA:0,(anonymous_16)
FNDA:0,(anonymous_17)
FNDA:0,(anonymous_18)
DA:1,3
DA:20,3
DA:25,3
DA:28,0
DA:30,0
DA:34,3
DA:37,0
DA:38,0
DA:42,0
DA:44,0
DA:45,0
DA:48,0
DA:49,0
DA:52,0
DA:55,0
DA:57,0
DA:60,0
DA:61,0
DA:63,0
DA:67,0
DA:68,0
DA:71,0
DA:79,0
DA:87,0
DA:88,0
DA:93,0
DA:95,0
DA:96,0
DA:99,0
DA:100,0
DA:101,0
DA:102,0
DA:103,0
DA:104,0
DA:107,0
DA:112,0
DA:114,0
DA:115,0
DA:118,0
DA:119,0
DA:123,3
LF:41
LH:5
BRDA:38,0,0,0
BRDA:38,0,1,0
BRDA:44,1,0,0
BRDA:44,1,1,0
BRDA:48,2,0,0
BRDA:48,2,1,0
BRDA:57,3,0,0
BRDA:57,3,1,0
BRDA:60,4,0,0
BRDA:60,4,1,0
BRDA:60,5,0,0
BRDA:60,5,1,0
BRDA:71,6,0,0
BRDA:71,6,1,0
BRDA:85,7,0,0
BRDA:85,7,1,0
BRDA:95,8,0,0
BRDA:95,8,1,0
BRDA:99,9,0,0
BRDA:99,9,1,0
BRDA:100,10,0,0
BRDA:100,10,1,0
BRDA:101,11,0,0
BRDA:101,11,1,0
BRDA:102,12,0,0
BRDA:102,12,1,0
BRDA:103,13,0,0
BRDA:103,13,1,0
BRDA:114,14,0,0
BRDA:114,14,1,0
BRF:30
BRH:0
end_of_record
TN:
SF:schema.js
FNF:0
FNH:0
DA:1,3
DA:3,3
DA:56,3
LF:3
LH:3
BRF:0
BRH:0
end_of_record
TN:
SF:middlewares\auth.js
FN:3,authenticateToken
FN:23,authorizeRole
FN:24,(anonymous_2)
FNF:3
FNH:2
FNDA:2,authenticateToken
FNDA:3,authorizeRole
FNDA:0,(anonymous_2)
DA:1,3
DA:4,2
DA:5,2
DA:7,2
DA:8,1
DA:13,1
DA:14,1
DA:15,1
DA:17,0
DA:24,3
DA:25,0
DA:26,0
DA:31,0
DA:32,0
DA:39,0
DA:43,3
LF:16
LH:10
BRDA:5,0,0,2
BRDA:5,0,1,1
BRDA:7,1,0,1
BRDA:7,1,1,1
BRDA:25,2,0,0
BRDA:25,2,1,0
BRDA:31,3,0,0
BRDA:31,3,1,0
BRF:8
BRH:4
end_of_record
TN:
SF:middlewares\query-parser.js
FN:1,parsePagination
FN:14,parseSort
FNF:2
FNH:2
FNDA:3,parsePagination
FNDA:3,parseSort
DA:2,3
DA:6,3
DA:7,3
DA:12,3
DA:15,3
DA:19,3
DA:22,3
LF:7
LH:7
BRDA:3,0,0,3
BRDA:3,0,1,0
BRDA:4,1,0,3
BRDA:4,1,1,0
BRDA:16,2,0,3
BRDA:16,2,1,0
BRDA:17,3,0,0
BRDA:17,3,1,3
BRF:8
BRH:4
end_of_record
