TN:
SF:app.js
FN:57,(anonymous_0)
FN:94,(anonymous_1)
FN:108,(anonymous_2)
FN:154,(anonymous_3)
FN:186,(anonymous_4)
FN:189,(anonymous_5)
FN:208,(anonymous_6)
FN:210,(anonymous_7)
FN:231,(anonymous_8)
FN:249,(anonymous_9)
FN:254,(anonymous_10)
FN:256,(anonymous_11)
FN:262,(anonymous_12)
FN:273,(anonymous_13)
FN:329,(anonymous_14)
FN:388,(anonymous_15)
FN:395,(anonymous_16)
FNF:17
FNH:4
FNDA:0,(anonymous_0)
FNDA:0,(anonymous_1)
FNDA:5,(anonymous_2)
FNDA:0,(anonymous_3)
FNDA:0,(anonymous_4)
FNDA:0,(anonymous_5)
FNDA:0,(anonymous_6)
FNDA:0,(anonymous_7)
FNDA:0,(anonymous_8)
FNDA:1,(anonymous_9)
FNDA:0,(anonymous_10)
FNDA:0,(anonymous_11)
FNDA:0,(anonymous_12)
FNDA:5,(anonymous_13)
FNDA:0,(anonymous_14)
FNDA:0,(anonymous_15)
FNDA:1,(anonymous_16)
DA:1,2
DA:3,2
DA:4,2
DA:5,2
DA:6,2
DA:8,2
DA:9,2
DA:10,2
DA:12,2
DA:18,2
DA:20,2
DA:22,2
DA:24,2
DA:26,2
DA:28,2
DA:29,2
DA:32,2
DA:33,2
DA:39,2
DA:40,2
DA:43,2
DA:53,2
DA:58,0
DA:59,0
DA:60,0
DA:62,0
DA:63,0
DA:64,0
DA:66,0
DA:67,0
DA:68,0
DA:69,0
DA:72,0
DA:74,0
DA:75,0
DA:76,0
DA:78,0
DA:89,0
DA:94,2
DA:95,0
DA:96,0
DA:98,0
DA:103,0
DA:108,2
DA:109,5
DA:111,5
DA:112,0
DA:120,5
DA:121,5
DA:125,4
DA:126,2
DA:134,2
DA:135,2
DA:137,2
DA:138,0
DA:146,2
DA:147,2
DA:149,1
DA:154,2
DA:155,0
DA:157,0
DA:158,0
DA:163,0
DA:164,0
DA:169,0
DA:171,0
DA:176,0
DA:177,0
DA:181,0
DA:186,2
DA:187,0
DA:188,0
DA:189,0
DA:191,0
DA:192,0
DA:195,0
DA:196,0
DA:201,0
DA:202,0
DA:204,0
DA:208,2
DA:209,0
DA:210,0
DA:212,0
DA:213,0
DA:218,0
DA:219,0
DA:220,0
DA:221,0
DA:223,0
DA:227,2
DA:232,0
DA:233,0
DA:236,0
DA:237,0
DA:241,0
DA:243,0
DA:249,2
DA:250,1
DA:254,2
DA:255,0
DA:256,0
DA:258,0
DA:259,0
DA:262,0
DA:263,0
DA:266,0
DA:273,2
DA:274,5
DA:276,5
DA:277,1
DA:285,4
DA:286,4
DA:291,4
DA:292,1
DA:300,3
DA:302,3
DA:307,3
DA:316,0
DA:317,0
DA:325,0
DA:329,2
DA:330,0
DA:331,0
DA:332,0
DA:334,0
DA:335,0
DA:337,0
DA:342,0
DA:343,0
DA:344,0
DA:349,0
DA:350,0
DA:351,0
DA:356,0
DA:361,0
DA:366,0
DA:367,0
DA:369,0
DA:370,0
DA:371,0
DA:378,0
DA:380,0
DA:384,2
DA:385,2
DA:388,2
DA:389,0
DA:395,2
DA:396,1
DA:397,1
DA:398,1
DA:409,2
LF:152
LH:63
BRDA:66,0,0,0
BRDA:66,0,1,0
BRDA:111,1,0,0
BRDA:111,1,1,5
BRDA:111,2,0,5
BRDA:111,2,1,5
BRDA:125,3,0,2
BRDA:125,3,1,2
BRDA:137,4,0,0
BRDA:137,4,1,2
BRDA:157,5,0,0
BRDA:157,5,1,0
BRDA:157,6,0,0
BRDA:157,6,1,0
BRDA:157,6,2,0
BRDA:176,7,0,0
BRDA:176,7,1,0
BRDA:191,8,0,0
BRDA:191,8,1,0
BRDA:195,9,0,0
BRDA:195,9,1,0
BRDA:195,10,0,0
BRDA:195,10,1,0
BRDA:212,11,0,0
BRDA:212,11,1,0
BRDA:219,12,0,0
BRDA:219,12,1,0
BRDA:220,13,0,0
BRDA:220,13,1,0
BRDA:221,14,0,0
BRDA:221,14,1,0
BRDA:236,15,0,0
BRDA:236,15,1,0
BRDA:258,16,0,0
BRDA:258,16,1,0
BRDA:276,17,0,1
BRDA:276,17,1,4
BRDA:276,18,0,5
BRDA:276,18,1,5
BRDA:291,19,0,1
BRDA:291,19,1,3
BRDA:316,20,0,0
BRDA:316,20,1,0
BRDA:342,21,0,0
BRDA:342,21,1,0
BRDA:349,22,0,0
BRDA:349,22,1,0
BRDA:370,23,0,0
BRDA:370,23,1,0
BRDA:397,24,0,1
BRDA:397,24,1,1
BRDA:397,24,2,1
BRDA:400,25,0,1
BRDA:400,25,1,0
BRDA:400,26,0,0
BRDA:400,26,1,0
BRDA:402,27,0,1
BRDA:402,27,1,0
BRF:58
BRH:17
end_of_record
TN:
SF:auth-helpers.js
FN:6,hashPassword
FN:10,verifyPassword
FN:14,generateToken
FNF:3
FNH:3
FNDA:7,hashPassword
FNDA:4,verifyPassword
FNDA:3,generateToken
DA:1,3
DA:2,3
DA:4,3
DA:7,7
DA:11,4
DA:15,3
DA:22,3
LF:7
LH:7
BRDA:17,0,0,3
BRDA:17,0,1,0
BRDA:18,1,0,3
BRDA:18,1,1,0
BRF:4
BRH:2
end_of_record
TN:
SF:cache.js
FN:5,(anonymous_0)
FN:7,connectRedis
FNF:2
FNH:0
FNDA:0,(anonymous_0)
FNDA:0,connectRedis
DA:1,2
DA:3,2
DA:5,2
DA:8,0
DA:9,0
DA:12,2
LF:6
LH:4
BRF:0
BRH:0
end_of_record
TN:
SF:db.js
FNF:0
FNH:0
DA:1,2
DA:3,2
DA:16,2
LF:3
LH:3
BRF:0
BRH:0
end_of_record
TN:
SF:resolvers.js
FN:27,resolveStudent
FN:30,(anonymous_1)
FN:36,(anonymous_2)
FN:37,(anonymous_3)
FN:41,(anonymous_4)
FN:45,(anonymous_5)
FN:49,(anonymous_6)
FN:55,(anonymous_7)
FN:57,(anonymous_8)
FN:57,(anonymous_9)
FN:59,(anonymous_10)
FN:63,(anonymous_11)
FN:66,(anonymous_12)
FN:70,(anonymous_13)
FN:78,(anonymous_14)
FN:92,(anonymous_15)
FN:93,(anonymous_16)
FN:111,(anonymous_17)
FN:112,(anonymous_18)
FNF:19
FNH:8
FNDA:0,resolveStudent
FNDA:0,(anonymous_1)
FNDA:1,(anonymous_2)
FNDA:2,(anonymous_3)
FNDA:0,(anonymous_4)
FNDA:0,(anonymous_5)
FNDA:0,(anonymous_6)
FNDA:0,(anonymous_7)
FNDA:1,(anonymous_8)
FNDA:2,(anonymous_9)
FNDA:0,(anonymous_10)
FNDA:0,(anonymous_11)
FNDA:0,(anonymous_12)
FNDA:0,(anonymous_13)
FNDA:0,(anonymous_14)
FNDA:1,(anonymous_15)
FNDA:2,(anonymous_16)
FNDA:1,(anonymous_17)
FNDA:2,(anonymous_18)
DA:1,3
DA:20,3
DA:25,3
DA:28,0
DA:30,0
DA:34,3
DA:37,2
DA:38,1
DA:42,0
DA:44,0
DA:45,0
DA:48,0
DA:49,0
DA:52,0
DA:55,0
DA:57,2
DA:60,0
DA:61,0
DA:63,0
DA:67,0
DA:68,0
DA:71,0
DA:79,0
DA:87,0
DA:88,0
DA:93,2
DA:95,1
DA:96,1
DA:99,0
DA:100,0
DA:101,0
DA:102,0
DA:103,0
DA:104,0
DA:107,0
DA:112,2
DA:114,1
DA:115,1
DA:118,0
DA:119,0
DA:123,3
LF:41
LH:14
BRDA:38,0,0,0
BRDA:38,0,1,1
BRDA:44,1,0,0
BRDA:44,1,1,0
BRDA:48,2,0,0
BRDA:48,2,1,0
BRDA:57,3,0,1
BRDA:57,3,1,1
BRDA:60,4,0,0
BRDA:60,4,1,0
BRDA:60,5,0,0
BRDA:60,5,1,0
BRDA:71,6,0,0
BRDA:71,6,1,0
BRDA:85,7,0,0
BRDA:85,7,1,0
BRDA:95,8,0,1
BRDA:95,8,1,0
BRDA:99,9,0,0
BRDA:99,9,1,0
BRDA:100,10,0,0
BRDA:100,10,1,0
BRDA:101,11,0,0
BRDA:101,11,1,0
BRDA:102,12,0,0
BRDA:102,12,1,0
BRDA:103,13,0,0
BRDA:103,13,1,0
BRDA:114,14,0,1
BRDA:114,14,1,0
BRF:30
BRH:5
end_of_record
TN:
SF:schema.js
FNF:0
FNH:0
DA:1,2
DA:3,2
DA:56,2
LF:3
LH:3
BRF:0
BRH:0
end_of_record
TN:
SF:middlewares\auth.js
FN:3,authenticateToken
FN:23,authorizeRole
FN:24,(anonymous_2)
FNF:3
FNH:2
FNDA:2,authenticateToken
FNDA:2,authorizeRole
FNDA:0,(anonymous_2)
DA:1,2
DA:4,2
DA:5,2
DA:7,2
DA:8,1
DA:13,1
DA:14,1
DA:15,1
DA:17,0
DA:24,2
DA:25,0
DA:26,0
DA:31,0
DA:32,0
DA:39,0
DA:43,2
LF:16
LH:10
BRDA:5,0,0,2
BRDA:5,0,1,1
BRDA:7,1,0,1
BRDA:7,1,1,1
BRDA:25,2,0,0
BRDA:25,2,1,0
BRDA:31,3,0,0
BRDA:31,3,1,0
BRF:8
BRH:4
end_of_record
TN:
SF:middlewares\query-parser.js
FN:1,parsePagination
FN:14,parseSort
FNF:2
FNH:0
FNDA:0,parsePagination
FNDA:0,parseSort
DA:2,0
DA:6,0
DA:7,0
DA:12,2
DA:15,0
DA:19,0
DA:22,2
LF:7
LH:2
BRDA:3,0,0,0
BRDA:3,0,1,0
BRDA:4,1,0,0
BRDA:4,1,1,0
BRDA:16,2,0,0
BRDA:16,2,1,0
BRDA:17,3,0,0
BRDA:17,3,1,0
BRF:8
BRH:0
end_of_record
